<?xml version="1.0" encoding="utf-8"?>
<?AutomationStudio Version="4.9.6.42 SP"?>
<Objects>
  <Object
    Path="C:\project\GITH_HUB\Various\ModbusMST\Logical\Package.pkg"
    LogicalPath=""
    Type="Package.ParentUnknown"
    LastWriteTime="133615317635783900" />
  <Object
    Path="C:\project\GITH_HUB\Various\ModbusMST\Logical\Global.typ"
    LogicalPath="Global.typ"
    Type="File"
    LastWriteTime="133615317635597367"
    Private="false" />
  <Object
    Path="C:\project\GITH_HUB\Various\ModbusMST\Logical\Global.var"
    LogicalPath="Global.var"
    Type="File"
    LastWriteTime="133615317635597367"
    Private="false" />
  <Object
    Path="C:\project\GITH_HUB\Various\ModbusMST\Logical\Libraries\Package.pkg"
    LogicalPath="Libraries"
    Type="Package"
    LastWriteTime="133615317635676430" />
  <Object
    Path="C:\project\GITH_HUB\Various\ModbusMST\Logical\Libraries\operator\binary.lby"
    LogicalPath="Libraries.operator"
    Type="Library"
    LastWriteTime="133615317635726466" />
  <Object
    Path="C:\project\GITH_HUB\Various\ModbusMST\Logical\Libraries\operator\operator.fun"
    LogicalPath="Libraries.operator.operator.fun"
    Type="File"
    LastWriteTime="133615317635726466"
    Private="false" />
  <Object
    Path="C:\project\GITH_HUB\Various\ModbusMST\Logical\Libraries\operator\operator.typ"
    LogicalPath="Libraries.operator.operator.typ"
    Type="File"
    LastWriteTime="133615317635736469"
    Private="false" />
  <Object
    Path="C:\project\GITH_HUB\Various\ModbusMST\Logical\Libraries\operator\operator.var"
    LogicalPath="Libraries.operator.operator.var"
    Type="File"
    LastWriteTime="133615317635740424"
    Private="false" />
  <Object
    Path="C:\project\GITH_HUB\Various\ModbusMST\Logical\Libraries\runtime\binary.lby"
    LogicalPath="Libraries.runtime"
    Type="Library"
    LastWriteTime="133615317635760440" />
  <Object
    Path="C:\project\GITH_HUB\Various\ModbusMST\Logical\Libraries\runtime\runtime.fun"
    LogicalPath="Libraries.runtime.runtime.fun"
    Type="File"
    LastWriteTime="133615317635760440"
    Private="false" />
  <Object
    Path="C:\project\GITH_HUB\Various\ModbusMST\Logical\Libraries\runtime\runtime.typ"
    LogicalPath="Libraries.runtime.runtime.typ"
    Type="File"
    LastWriteTime="133615317635760440"
    Private="false" />
  <Object
    Path="C:\project\GITH_HUB\Various\ModbusMST\Logical\Libraries\runtime\runtime.var"
    LogicalPath="Libraries.runtime.runtime.var"
    Type="File"
    LastWriteTime="133615317635770442"
    Private="false" />
  <Object
    Path="C:\project\GITH_HUB\Various\ModbusMST\Logical\Libraries\astime\binary.lby"
    LogicalPath="Libraries.astime"
    Type="Library"
    LastWriteTime="133615317635706462" />
  <Object
    Path="C:\project\GITH_HUB\Various\ModbusMST\Logical\Libraries\astime\astime.fun"
    LogicalPath="Libraries.astime.astime.fun"
    Type="File"
    LastWriteTime="133615317635696452"
    Private="false" />
  <Object
    Path="C:\project\GITH_HUB\Various\ModbusMST\Logical\Libraries\astime\astime.typ"
    LogicalPath="Libraries.astime.astime.typ"
    Type="File"
    LastWriteTime="133615317635706462"
    Private="false" />
  <Object
    Path="C:\project\GITH_HUB\Various\ModbusMST\Logical\Libraries\astime\astime.var"
    LogicalPath="Libraries.astime.astime.var"
    Type="File"
    LastWriteTime="133615317635706462"
    Private="false" />
  <Object
    Path="C:\project\GITH_HUB\Various\ModbusMST\Logical\Libraries\AsIecCon\binary.lby"
    LogicalPath="Libraries.AsIecCon"
    Type="Library"
    LastWriteTime="133615317635676430" />
  <Object
    Path="C:\project\GITH_HUB\Various\ModbusMST\Logical\Libraries\AsIecCon\AsIecCon.fun"
    LogicalPath="Libraries.AsIecCon.AsIecCon.fun"
    Type="File"
    LastWriteTime="133615317635646286"
    Private="false" />
  <Object
    Path="C:\project\GITH_HUB\Various\ModbusMST\Logical\Libraries\AsIecCon\AsIecCon.typ"
    LogicalPath="Libraries.AsIecCon.AsIecCon.typ"
    Type="File"
    LastWriteTime="133615317635656385"
    Private="false" />
  <Object
    Path="C:\project\GITH_HUB\Various\ModbusMST\Logical\Libraries\AsIecCon\AsIecCon.var"
    LogicalPath="Libraries.AsIecCon.AsIecCon.var"
    Type="File"
    LastWriteTime="133615317635656385"
    Private="false" />
  <Object
    Path="C:\project\GITH_HUB\Various\ModbusMST\Logical\Libraries\AsEPL\binary.lby"
    LogicalPath="Libraries.AsEPL"
    Type="Library"
    LastWriteTime="133615317635646286" />
  <Object
    Path="C:\project\GITH_HUB\Various\ModbusMST\Logical\Libraries\AsEPL\AsEPL.fun"
    LogicalPath="Libraries.AsEPL.AsEPL.fun"
    Type="File"
    LastWriteTime="133615317635627373"
    Private="false" />
  <Object
    Path="C:\project\GITH_HUB\Various\ModbusMST\Logical\Libraries\AsEPL\AsEPL.typ"
    LogicalPath="Libraries.AsEPL.AsEPL.typ"
    Type="File"
    LastWriteTime="133615317635627373"
    Private="false" />
  <Object
    Path="C:\project\GITH_HUB\Various\ModbusMST\Logical\Libraries\AsEPL\AsEPL.var"
    LogicalPath="Libraries.AsEPL.AsEPL.var"
    Type="File"
    LastWriteTime="133615317635637379"
    Private="false" />
  <Object
    Path="C:\project\GITH_HUB\Various\ModbusMST\Logical\MAIN\Package.pkg"
    LogicalPath="MAIN"
    Type="Package"
    LastWriteTime="133615317635770442" />
  <Object
    Path="C:\project\GITH_HUB\Various\ModbusMST\Logical\MAIN\Program\IEC.prg"
    LogicalPath="MAIN.Program"
    Type="Program"
    LastWriteTime="133615317635770442" />
  <Object
    Path="C:\project\GITH_HUB\Various\ModbusMST\Logical\MAIN\Program\Main.st"
    LogicalPath="MAIN.Program.Main.st"
    Type="File"
    LastWriteTime="133615317635783900"
    Private="false" />
  <Object
    Path="C:\project\GITH_HUB\Various\ModbusMST\Logical\MAIN\Program\Types.typ"
    LogicalPath="MAIN.Program.Types.typ"
    Type="File"
    LastWriteTime="133615317635783900"
    Private="true" />
  <Object
    Path="C:\project\GITH_HUB\Various\ModbusMST\Logical\MAIN\Program\Variables.var"
    LogicalPath="MAIN.Program.Variables.var"
    Type="File"
    LastWriteTime="133615317635783900"
    Private="true" />
  <Object
    Path="C:\project\GITH_HUB\Various\ModbusMST\Logical\LibAsEPL1_ST\Package.pkg"
    LogicalPath="LibAsEPL1_ST"
    Type="Package"
    LastWriteTime="133615317635607370" />
  <Object
    Path="C:\project\GITH_HUB\Various\ModbusMST\Logical\LibAsEPL1_ST\epl\IEC.prg"
    LogicalPath="LibAsEPL1_ST.epl"
    Type="Program"
    LastWriteTime="133615317635607370" />
  <Object
    Path="C:\project\GITH_HUB\Various\ModbusMST\Logical\LibAsEPL1_ST\epl\eplCyclic.st"
    LogicalPath="LibAsEPL1_ST.epl.eplCyclic.st"
    Type="File"
    LastWriteTime="133615317635617371"
    Private="false" />
  <Object
    Path="C:\project\GITH_HUB\Various\ModbusMST\Logical\LibAsEPL1_ST\epl\epl.typ"
    LogicalPath="LibAsEPL1_ST.epl.epl.typ"
    Type="File"
    LastWriteTime="133615317635617371"
    Private="true" />
  <Object
    Path="C:\project\GITH_HUB\Various\ModbusMST\Logical\LibAsEPL1_ST\epl\epl.var"
    LogicalPath="LibAsEPL1_ST.epl.epl.var"
    Type="File"
    LastWriteTime="133615317635617371"
    Private="true" />
  <Object
    Path="C:\project\GITH_HUB\Various\ModbusMST\Physical\1382\Config.pkg"
    LogicalPath="1382"
    Type="Configuration.ParentUnknown"
    LastWriteTime="133615317635793902" />
  <Object
    Path="C:\project\GITH_HUB\Various\ModbusMST\Physical\1382\Hardware.hw"
    LogicalPath="1382.Hardware.hw"
    Type="File"
    LastWriteTime="133733952165062816"
    Private="false" />
  <Object
    Path="C:\project\GITH_HUB\Various\ModbusMST\Physical\1382\Hardware.hwl"
    LogicalPath="1382.Hardware.hwl"
    Type="File"
    LastWriteTime="133615317635813871"
    Private="false" />
  <Object
    Path="C:\project\GITH_HUB\Various\ModbusMST\Physical\1382\X20CP1382\Cpu.pkg"
    LogicalPath="1382.X20CP1382"
    Type="Cpu"
    LastWriteTime="133615317635917323" />
  <Object
    Path="C:\project\GITH_HUB\Various\ModbusMST\Physical\1382\X20CP1382\Cpu.sw"
    LogicalPath="1382.X20CP1382.Cpu.sw"
    Type="File"
    LastWriteTime="133615317635917323"
    Private="false" />
  <Object
    Path="C:\project\GITH_HUB\Various\ModbusMST\Physical\1382\X20CP1382\Cpu.per"
    LogicalPath="1382.X20CP1382.Cpu.per"
    Type="File"
    LastWriteTime="133615317635907725"
    Private="false" />
  <Object
    Path="C:\project\GITH_HUB\Various\ModbusMST\Physical\1382\X20CP1382\IoMap.iom"
    LogicalPath="1382.X20CP1382.IoMap.iom"
    Type="File"
    LastWriteTime="133615317635957386"
    Private="false" />
  <Object
    Path="C:\project\GITH_HUB\Various\ModbusMST\Physical\1382\X20CP1382\PvMap.vvm"
    LogicalPath="1382.X20CP1382.PvMap.vvm"
    Type="File"
    LastWriteTime="133615317635967528"
    Private="false" />
  <Object
    Path="C:\project\GITH_HUB\Various\ModbusMST\Physical\1382\X20CP1382\Connectivity\Package.pkg"
    LogicalPath="1382.X20CP1382.Connectivity"
    Type="Package"
    LastWriteTime="133615317635907725" />
  <Object
    Path="C:\project\GITH_HUB\Various\ModbusMST\Physical\1382\X20CP1382\Connectivity\OpcUA\Package.pkg"
    LogicalPath="1382.X20CP1382.Connectivity.OpcUA"
    Type="Package"
    LastWriteTime="133615317635907725" />
  <Object
    Path="C:\project\GITH_HUB\Various\ModbusMST\Physical\1382\X20CP1382\TextSystem\Package.pkg"
    LogicalPath="1382.X20CP1382.TextSystem"
    Type="Package"
    LastWriteTime="133615317635967528" />
  <Object
    Path="C:\project\GITH_HUB\Various\ModbusMST\Physical\1382\X20CP1382\UnitSystem\Package.pkg"
    LogicalPath="1382.X20CP1382.UnitSystem"
    Type="Package"
    LastWriteTime="133615317635967528" />
  <Object
    Path="C:\project\GITH_HUB\Various\ModbusMST\Physical\1382\X20CP1382\AccessAndSecurity\Package.pkg"
    LogicalPath="1382.X20CP1382.AccessAndSecurity"
    Type="Package"
    LastWriteTime="133615317635884819" />
  <Object
    Path="C:\project\GITH_HUB\Various\ModbusMST\Physical\1382\X20CP1382\AccessAndSecurity\UserRoleSystem\Package.pkg"
    LogicalPath="1382.X20CP1382.AccessAndSecurity.UserRoleSystem"
    Type="Package"
    LastWriteTime="133615317635884819" />
  <Object
    Path="C:\project\GITH_HUB\Various\ModbusMST\Physical\1382\X20CP1382\AccessAndSecurity\UserRoleSystem\Role.role"
    LogicalPath="1382.X20CP1382.AccessAndSecurity.UserRoleSystem.Role.role"
    Type="File"
    LastWriteTime="133615317635897723"
    Private="false" />
  <Object
    Path="C:\project\GITH_HUB\Various\ModbusMST\Physical\1382\X20CP1382\AccessAndSecurity\UserRoleSystem\User.user"
    LogicalPath="1382.X20CP1382.AccessAndSecurity.UserRoleSystem.User.user"
    Type="File"
    LastWriteTime="133615317635897723"
    Private="false" />
  <Object
    Path="C:\project\GITH_HUB\Various\ModbusMST\Physical\1382\X20CP1382\AccessAndSecurity\CertificateStore\Package.pkg"
    LogicalPath="1382.X20CP1382.AccessAndSecurity.CertificateStore"
    Type="Package"
    LastWriteTime="133615317635854802" />
  <Object
    Path="C:\project\GITH_HUB\Various\ModbusMST\Physical\1382\X20CP1382\AccessAndSecurity\CertificateStore\OwnCertificates\Package.pkg"
    LogicalPath="1382.X20CP1382.AccessAndSecurity.CertificateStore.OwnCertificates"
    Type="Package"
    LastWriteTime="133615317635854802" />
  <Object
    Path="C:\project\GITH_HUB\Various\ModbusMST\Physical\1382\X20CP1382\AccessAndSecurity\CertificateStore\OwnCertificates\Certificates\Package.pkg"
    LogicalPath="1382.X20CP1382.AccessAndSecurity.CertificateStore.OwnCertificates.Certificates"
    Type="Package"
    LastWriteTime="133615317635849780" />
  <Object
    Path="C:\project\GITH_HUB\Various\ModbusMST\Physical\1382\X20CP1382\AccessAndSecurity\CertificateStore\OwnCertificates\PrivateKeys\Package.pkg"
    LogicalPath="1382.X20CP1382.AccessAndSecurity.CertificateStore.OwnCertificates.PrivateKeys"
    Type="Package"
    LastWriteTime="133615317635854802" />
  <Object
    Path="C:\project\GITH_HUB\Various\ModbusMST\Physical\1382\X20CP1382\AccessAndSecurity\CertificateStore\ThirdPartyCertificates\Package.pkg"
    LogicalPath="1382.X20CP1382.AccessAndSecurity.CertificateStore.ThirdPartyCertificates"
    Type="Package"
    LastWriteTime="133615317635864814" />
  <Object
    Path="C:\project\GITH_HUB\Various\ModbusMST\Physical\1382\X20CP1382\AccessAndSecurity\CertificateStore\ThirdPartyCertificates\SoftwareCertificates\Package.pkg"
    LogicalPath="1382.X20CP1382.AccessAndSecurity.CertificateStore.ThirdPartyCertificates.SoftwareCertificates"
    Type="Package"
    LastWriteTime="133615317635874816" />
  <Object
    Path="C:\project\GITH_HUB\Various\ModbusMST\Physical\1382\X20CP1382\AccessAndSecurity\CertificateStore\CertificateRevocationLists\Package.pkg"
    LogicalPath="1382.X20CP1382.AccessAndSecurity.CertificateStore.CertificateRevocationLists"
    Type="Package"
    LastWriteTime="133615317635839777" />
  <Object
    Path="C:\project\GITH_HUB\Various\ModbusMST\Physical\1382\X20CP1382\AccessAndSecurity\CertificateStore\CertificateSigningRequests\Package.pkg"
    LogicalPath="1382.X20CP1382.AccessAndSecurity.CertificateStore.CertificateSigningRequests"
    Type="Package"
    LastWriteTime="133615317635839777" />
  <Object
    Path="C:\project\GITH_HUB\Various\ModbusMST\Physical\1382\X20CP1382\AccessAndSecurity\TransportLayerSecurity\Package.pkg"
    LogicalPath="1382.X20CP1382.AccessAndSecurity.TransportLayerSecurity"
    Type="Package"
    LastWriteTime="133615317635884819" />
  <Object
    Path="C:\project\GITH_HUB\Various\ModbusMST\Physical\1382\X20CP1382\AccessAndSecurity\Firewall\Package.pkg"
    LogicalPath="1382.X20CP1382.AccessAndSecurity.Firewall"
    Type="Package"
    LastWriteTime="133615317635874816" />
  <Object
    Path="C:\project\GITH_HUB\Various\ModbusMST\Physical\1382\X20CP1382\AccessAndSecurity\Firewall\Rules.firewallRules"
    LogicalPath="1382.X20CP1382.AccessAndSecurity.Firewall.Rules.firewallRules"
    Type="File"
    LastWriteTime="133615317635874816"
    Private="false" />
  <Object
    Path="C:\project\GITH_HUB\Various\ModbusMST\Physical\1382\X20CP1382\mappControl\Package.pkg"
    LogicalPath="1382.X20CP1382.mappControl"
    Type="Package"
    LastWriteTime="133615317635977554" />
  <Object
    Path="C:\project\GITH_HUB\Various\ModbusMST\Physical\1382\X20CP1382\mappMotion\Package.pkg"
    LogicalPath="1382.X20CP1382.mappMotion"
    Type="Package"
    LastWriteTime="133615317635987575" />
  <Object
    Path="C:\project\GITH_HUB\Various\ModbusMST\Physical\1382\X20CP1382\mappServices\Package.pkg"
    LogicalPath="1382.X20CP1382.mappServices"
    Type="Package"
    LastWriteTime="133615317635997597" />
  <Object
    Path="C:\project\GITH_HUB\Various\ModbusMST\Physical\1382\X20CP1382\mappSafety\Package.pkg"
    LogicalPath="1382.X20CP1382.mappSafety"
    Type="Package"
    LastWriteTime="133615317635987575" />
  <Object
    Path="C:\project\GITH_HUB\Various\ModbusMST\Physical\1382\X20CP1382\mappSafety\SafeApplication\Package.pkg"
    LogicalPath="1382.X20CP1382.mappSafety.SafeApplication"
    Type="Package"
    LastWriteTime="133615317635997597" />
  <Object
    Path="C:\project\GITH_HUB\Various\ModbusMST\Physical\1382\X20CP1382\mappSafety\SafeCommissioning\Package.pkg"
    LogicalPath="1382.X20CP1382.mappSafety.SafeCommissioning"
    Type="Package"
    LastWriteTime="133615317635997597" />
  <Object
    Path="C:\project\GITH_HUB\Various\ModbusMST\Physical\1382\X20CP1382\mappView\Package.pkg"
    LogicalPath="1382.X20CP1382.mappView"
    Type="Package"
    LastWriteTime="133615317636007602" />
  <Object
    Path="C:\project\GITH_HUB\Various\ModbusMST\Physical\1382\X20CP1382\mappVision\Package.pkg"
    LogicalPath="1382.X20CP1382.mappVision"
    Type="Package"
    LastWriteTime="133615317636007602" />
  <Object
    Path="C:\project\GITH_HUB\Various\ModbusMST\Physical\1382\X20CP1382\mappCockpit\Package.pkg"
    LogicalPath="1382.X20CP1382.mappCockpit"
    Type="Package"
    LastWriteTime="133615317635977554" />
  <Object
    Path="C:\project\GITH_HUB\Various\ModbusMST\Physical\1382\X20CP1382\ExternalHardware\Package.pkg"
    LogicalPath="1382.X20CP1382.ExternalHardware"
    Type="Package"
    LastWriteTime="133615317635952357" />
  <Object
    Path="C:\project\GITH_HUB\Various\ModbusMST\Physical\1382\X20CP1382\ExternalHardware\AB1L3LZX.ext"
    LogicalPath="1382.X20CP1382.ExternalHardware.AB1L3LZX.ext"
    Type="File"
    LastWriteTime="133615317635926230"
    Private="false" />
  <Object
    Path="C:\project\GITH_HUB\Various\ModbusMST\Physical\1382\X20CP1382\ExternalHardware\ExternalHardwareDevices.xml"
    LogicalPath="1382.X20CP1382.ExternalHardware.ExternalHardwareDevices.xml"
    Type="File"
    LastWriteTime="133615317635936239"
    Private="false" />
  <Object
    Path="C:\project\GITH_HUB\Various\ModbusMST\Physical\1382\X20CP1382\ExternalHardware\XWPM3B4B.ext"
    LogicalPath="1382.X20CP1382.ExternalHardware.XWPM3B4B.ext"
    Type="File"
    LastWriteTime="133615317635957386"
    Private="false" />
  <Object
    Path="C:\project\GITH_HUB\Various\ModbusMST\Physical\1382\X20CP1382\ExternalHardware\BMC7H0SZ.ext"
    LogicalPath="1382.X20CP1382.ExternalHardware.BMC7H0SZ.ext"
    Type="File"
    LastWriteTime="133615317635936239"
    Private="false" />
  <Object
    Path="C:\project\GITH_HUB\Various\ModbusMST\Physical\1382\X20CP1382\ExternalHardware\MAEPUGJZ.ext"
    LogicalPath="1382.X20CP1382.ExternalHardware.MAEPUGJZ.ext"
    Type="File"
    LastWriteTime="133615317635949177"
    Private="false" />
  <Object
    Path="C:\project\GITH_HUB\Various\ModbusMST\Physical\1382\Hardware.jpg"
    LogicalPath="1382.Hardware.jpg"
    Type="File"
    LastWriteTime="133615317635829775"
    Private="false" />
</Objects>