<?xml version="1.0" encoding="utf-8"?>
<?AutomationStudio Version="4.9.5.36 SP"?>
<Objects>
  <Object
    Path="C:\projects\GitH\Various\PLANT_CONTROLLER\WRAPPER_CTRL\Logical\Package.pkg"
    LogicalPath=""
    Type="Package.ParentUnknown"
    LastWriteTime="132107695142355232" />
  <Object
    Path="C:\projects\GitH\Various\PLANT_CONTROLLER\WRAPPER_CTRL\Logical\Global.typ"
    LogicalPath="Global.typ"
    Type="File"
    LastWriteTime="133033383986904640"
    Private="false" />
  <Object
    Path="C:\projects\GitH\Various\PLANT_CONTROLLER\WRAPPER_CTRL\Logical\Global.var"
    LogicalPath="Global.var"
    Type="File"
    LastWriteTime="132917411625802746"
    Private="false" />
  <Object
    Path="C:\projects\GitH\Various\PLANT_CONTROLLER\WRAPPER_CTRL\Logical\Libraries\Package.pkg"
    LogicalPath="Libraries"
    Type="Package"
    LastWriteTime="132917407816048994" />
  <Object
    Path="C:\projects\GitH\Various\PLANT_CONTROLLER\WRAPPER_CTRL\Logical\Libraries\operator\Binary.lby"
    LogicalPath="Libraries.operator"
    Type="Library"
    LastWriteTime="132084236507154315" />
  <Object
    Path="C:\projects\GitH\Various\PLANT_CONTROLLER\WRAPPER_CTRL\Logical\Libraries\operator\operator.fun"
    LogicalPath="Libraries.operator.operator.fun"
    Type="File"
    LastWriteTime="132084236506994067"
    Private="false" />
  <Object
    Path="C:\projects\GitH\Various\PLANT_CONTROLLER\WRAPPER_CTRL\Logical\Libraries\operator\operator.typ"
    LogicalPath="Libraries.operator.operator.typ"
    Type="File"
    LastWriteTime="132084236507063707"
    Private="false" />
  <Object
    Path="C:\projects\GitH\Various\PLANT_CONTROLLER\WRAPPER_CTRL\Logical\Libraries\operator\operator.var"
    LogicalPath="Libraries.operator.operator.var"
    Type="File"
    LastWriteTime="132084236507123689"
    Private="false" />
  <Object
    Path="C:\projects\GitH\Various\PLANT_CONTROLLER\WRAPPER_CTRL\Logical\Libraries\runtime\Binary.lby"
    LogicalPath="Libraries.runtime"
    Type="Library"
    LastWriteTime="132084236538220392" />
  <Object
    Path="C:\projects\GitH\Various\PLANT_CONTROLLER\WRAPPER_CTRL\Logical\Libraries\runtime\runtime.fun"
    LogicalPath="Libraries.runtime.runtime.fun"
    Type="File"
    LastWriteTime="132084236538051088"
    Private="false" />
  <Object
    Path="C:\projects\GitH\Various\PLANT_CONTROLLER\WRAPPER_CTRL\Logical\Libraries\runtime\runtime.typ"
    LogicalPath="Libraries.runtime.runtime.typ"
    Type="File"
    LastWriteTime="132084236538120806"
    Private="false" />
  <Object
    Path="C:\projects\GitH\Various\PLANT_CONTROLLER\WRAPPER_CTRL\Logical\Libraries\runtime\runtime.var"
    LogicalPath="Libraries.runtime.runtime.var"
    Type="File"
    LastWriteTime="132084236538190470"
    Private="false" />
  <Object
    Path="C:\projects\GitH\Various\PLANT_CONTROLLER\WRAPPER_CTRL\Logical\Libraries\astime\Binary.lby"
    LogicalPath="Libraries.astime"
    Type="Library"
    LastWriteTime="132084236568998084" />
  <Object
    Path="C:\projects\GitH\Various\PLANT_CONTROLLER\WRAPPER_CTRL\Logical\Libraries\astime\astime.fun"
    LogicalPath="Libraries.astime.astime.fun"
    Type="File"
    LastWriteTime="132084236568868426"
    Private="false" />
  <Object
    Path="C:\projects\GitH\Various\PLANT_CONTROLLER\WRAPPER_CTRL\Logical\Libraries\astime\astime.typ"
    LogicalPath="Libraries.astime.astime.typ"
    Type="File"
    LastWriteTime="132084236568918291"
    Private="false" />
  <Object
    Path="C:\projects\GitH\Various\PLANT_CONTROLLER\WRAPPER_CTRL\Logical\Libraries\astime\astime.var"
    LogicalPath="Libraries.astime.astime.var"
    Type="File"
    LastWriteTime="132084236568968193"
    Private="false" />
  <Object
    Path="C:\projects\GitH\Various\PLANT_CONTROLLER\WRAPPER_CTRL\Logical\Libraries\AsIecCon\Binary.lby"
    LogicalPath="Libraries.AsIecCon"
    Type="Library"
    LastWriteTime="132084236598309856" />
  <Object
    Path="C:\projects\GitH\Various\PLANT_CONTROLLER\WRAPPER_CTRL\Logical\Libraries\AsIecCon\AsIecCon.fun"
    LogicalPath="Libraries.AsIecCon.AsIecCon.fun"
    Type="File"
    LastWriteTime="132084236598180039"
    Private="false" />
  <Object
    Path="C:\projects\GitH\Various\PLANT_CONTROLLER\WRAPPER_CTRL\Logical\Libraries\AsIecCon\AsIecCon.typ"
    LogicalPath="Libraries.AsIecCon.AsIecCon.typ"
    Type="File"
    LastWriteTime="132084236598229895"
    Private="false" />
  <Object
    Path="C:\projects\GitH\Various\PLANT_CONTROLLER\WRAPPER_CTRL\Logical\Libraries\AsIecCon\AsIecCon.var"
    LogicalPath="Libraries.AsIecCon.AsIecCon.var"
    Type="File"
    LastWriteTime="132084236598279771"
    Private="false" />
  <Object
    Path="C:\projects\GitH\Various\PLANT_CONTROLLER\WRAPPER_CTRL\Logical\Libraries\FileIO\Binary.lby"
    LogicalPath="Libraries.FileIO"
    Type="Library"
    LastWriteTime="132084637002366324" />
  <Object
    Path="C:\projects\GitH\Various\PLANT_CONTROLLER\WRAPPER_CTRL\Logical\Libraries\FileIO\FileIO.fun"
    LogicalPath="Libraries.FileIO.FileIO.fun"
    Type="File"
    LastWriteTime="132084637001458765"
    Private="false" />
  <Object
    Path="C:\projects\GitH\Various\PLANT_CONTROLLER\WRAPPER_CTRL\Logical\Libraries\FileIO\FileIO.typ"
    LogicalPath="Libraries.FileIO.FileIO.typ"
    Type="File"
    LastWriteTime="132084637001797847"
    Private="false" />
  <Object
    Path="C:\projects\GitH\Various\PLANT_CONTROLLER\WRAPPER_CTRL\Logical\Libraries\FileIO\FileIO.var"
    LogicalPath="Libraries.FileIO.FileIO.var"
    Type="File"
    LastWriteTime="132084637002126971"
    Private="false" />
  <Object
    Path="C:\projects\GitH\Various\PLANT_CONTROLLER\WRAPPER_CTRL\Logical\Libraries\standard\Binary.lby"
    LogicalPath="Libraries.standard"
    Type="Library"
    LastWriteTime="132917407815428970" />
  <Object
    Path="C:\projects\GitH\Various\PLANT_CONTROLLER\WRAPPER_CTRL\Logical\Libraries\standard\standard.fun"
    LogicalPath="Libraries.standard.standard.fun"
    Type="File"
    LastWriteTime="132917407815388969"
    Private="false" />
  <Object
    Path="C:\projects\GitH\Various\PLANT_CONTROLLER\WRAPPER_CTRL\Logical\Libraries\standard\standard.typ"
    LogicalPath="Libraries.standard.standard.typ"
    Type="File"
    LastWriteTime="132917407815408970"
    Private="false" />
  <Object
    Path="C:\projects\GitH\Various\PLANT_CONTROLLER\WRAPPER_CTRL\Logical\Libraries\standard\standard.var"
    LogicalPath="Libraries.standard.standard.var"
    Type="File"
    LastWriteTime="132917407815418969"
    Private="false" />
  <Object
    Path="C:\projects\GitH\Various\PLANT_CONTROLLER\WRAPPER_CTRL\Logical\main\IEC.prg"
    LogicalPath="main"
    Type="Program"
    LastWriteTime="132084366677561777" />
  <Object
    Path="C:\projects\GitH\Various\PLANT_CONTROLLER\WRAPPER_CTRL\Logical\main\Cyclic.ld"
    LogicalPath="main.Cyclic.ld"
    Type="File"
    LastWriteTime="132917415742630465"
    Private="false" />
  <Object
    Path="C:\projects\GitH\Various\PLANT_CONTROLLER\WRAPPER_CTRL\Logical\main\Init.ld"
    LogicalPath="main.Init.ld"
    Type="File"
    LastWriteTime="132084366677362324"
    Private="false" />
  <Object
    Path="C:\projects\GitH\Various\PLANT_CONTROLLER\WRAPPER_CTRL\Logical\main\Exit.ld"
    LogicalPath="main.Exit.ld"
    Type="File"
    LastWriteTime="132084366677412182"
    Private="false" />
  <Object
    Path="C:\projects\GitH\Various\PLANT_CONTROLLER\WRAPPER_CTRL\Logical\main\Types.typ"
    LogicalPath="main.Types.typ"
    Type="File"
    LastWriteTime="132084366677462048"
    Private="true" />
  <Object
    Path="C:\projects\GitH\Various\PLANT_CONTROLLER\WRAPPER_CTRL\Logical\main\Variables.var"
    LogicalPath="main.Variables.var"
    Type="File"
    LastWriteTime="132084366677521884"
    Private="true" />
  <Object
    Path="C:\projects\GitH\Various\PLANT_CONTROLLER\WRAPPER_CTRL\Logical\clock\ANSIC.prg"
    LogicalPath="clock"
    Type="Program"
    LastWriteTime="132084389677149769" />
  <Object
    Path="C:\projects\GitH\Various\PLANT_CONTROLLER\WRAPPER_CTRL\Logical\clock\clock.var"
    LogicalPath="clock.clock.var"
    Type="File"
    LastWriteTime="132084389676521451"
    Private="true" />
  <Object
    Path="C:\projects\GitH\Various\PLANT_CONTROLLER\WRAPPER_CTRL\Logical\clock\clock.c"
    LogicalPath="clock.clock.c"
    Type="File"
    LastWriteTime="132084389676790731"
    Private="false" />
  <Object
    Path="C:\projects\GitH\Various\PLANT_CONTROLLER\WRAPPER_CTRL\Logical\Varie\ANSIC.prg"
    LogicalPath="Varie"
    Type="Program"
    LastWriteTime="132107605551811588" />
  <Object
    Path="C:\projects\GitH\Various\PLANT_CONTROLLER\WRAPPER_CTRL\Logical\Varie\Cyclic.c"
    LogicalPath="Varie.Cyclic.c"
    Type="File"
    LastWriteTime="132085117403933253"
    Private="false" />
  <Object
    Path="C:\projects\GitH\Various\PLANT_CONTROLLER\WRAPPER_CTRL\Logical\Varie\Init.c"
    LogicalPath="Varie.Init.c"
    Type="File"
    LastWriteTime="132084390595903333"
    Private="false" />
  <Object
    Path="C:\projects\GitH\Various\PLANT_CONTROLLER\WRAPPER_CTRL\Logical\Varie\Exit.c"
    LogicalPath="Varie.Exit.c"
    Type="File"
    LastWriteTime="132084390596511707"
    Private="false" />
  <Object
    Path="C:\projects\GitH\Various\PLANT_CONTROLLER\WRAPPER_CTRL\Logical\Varie\Types.typ"
    LogicalPath="Varie.Types.typ"
    Type="File"
    LastWriteTime="132084390596810908"
    Private="true" />
  <Object
    Path="C:\projects\GitH\Various\PLANT_CONTROLLER\WRAPPER_CTRL\Logical\Varie\Variables.var"
    LogicalPath="Varie.Variables.var"
    Type="File"
    LastWriteTime="132084460904482365"
    Private="true" />
  <Object
    Path="C:\projects\GitH\Various\PLANT_CONTROLLER\WRAPPER_CTRL\Logical\Varie\HMI\Package.pkg"
    LogicalPath="Varie.HMI"
    Type="Package"
    LastWriteTime="132107605496206852" />
  <Object
    Path="C:\projects\GitH\Various\PLANT_CONTROLLER\WRAPPER_CTRL\Physical\Turqueplast\Config.pkg"
    LogicalPath="Turqueplast"
    Type="Configuration.ParentUnknown"
    LastWriteTime="132084236647668049" />
  <Object
    Path="C:\projects\GitH\Various\PLANT_CONTROLLER\WRAPPER_CTRL\Physical\Turqueplast\Hardware.hw"
    LogicalPath="Turqueplast.Hardware.hw"
    Type="File"
    LastWriteTime="133034069901002928"
    Private="false" />
  <Object
    Path="C:\projects\GitH\Various\PLANT_CONTROLLER\WRAPPER_CTRL\Physical\Turqueplast\Hardware.hwl"
    LogicalPath="Turqueplast.Hardware.hwl"
    Type="File"
    LastWriteTime="132084239405452428"
    Private="false" />
  <Object
    Path="C:\projects\GitH\Various\PLANT_CONTROLLER\WRAPPER_CTRL\Physical\Turqueplast\X20CP1382\Cpu.pkg"
    LogicalPath="Turqueplast.X20CP1382"
    Type="Cpu"
    LastWriteTime="133034067014912515" />
  <Object
    Path="C:\projects\GitH\Various\PLANT_CONTROLLER\WRAPPER_CTRL\Physical\Turqueplast\X20CP1382\Cpu.sw"
    LogicalPath="Turqueplast.X20CP1382.Cpu.sw"
    Type="File"
    LastWriteTime="132917407819310670"
    Private="false" />
  <Object
    Path="C:\projects\GitH\Various\PLANT_CONTROLLER\WRAPPER_CTRL\Physical\Turqueplast\X20CP1382\Cpu.per"
    LogicalPath="Turqueplast.X20CP1382.Cpu.per"
    Type="File"
    LastWriteTime="132084236606567616"
    Private="false" />
  <Object
    Path="C:\projects\GitH\Various\PLANT_CONTROLLER\WRAPPER_CTRL\Physical\Turqueplast\X20CP1382\IoMap.iom"
    LogicalPath="Turqueplast.X20CP1382.IoMap.iom"
    Type="File"
    LastWriteTime="132917404603865280"
    Private="false" />
  <Object
    Path="C:\projects\GitH\Various\PLANT_CONTROLLER\WRAPPER_CTRL\Physical\Turqueplast\X20CP1382\PvMap.vvm"
    LogicalPath="Turqueplast.X20CP1382.PvMap.vvm"
    Type="File"
    LastWriteTime="132084236606647391"
    Private="false" />
  <Object
    Path="C:\projects\GitH\Various\PLANT_CONTROLLER\WRAPPER_CTRL\Physical\Turqueplast\X20CP1382\Connectivity\Package.pkg"
    LogicalPath="Turqueplast.X20CP1382.Connectivity"
    Type="Package"
    LastWriteTime="132084236607704657" />
  <Object
    Path="C:\projects\GitH\Various\PLANT_CONTROLLER\WRAPPER_CTRL\Physical\Turqueplast\X20CP1382\Connectivity\OpcUA\Package.pkg"
    LogicalPath="Turqueplast.X20CP1382.Connectivity.OpcUA"
    Type="Package"
    LastWriteTime="132889654644614054" />
  <Object
    Path="C:\projects\GitH\Various\PLANT_CONTROLLER\WRAPPER_CTRL\Physical\Turqueplast\X20CP1382\Connectivity\OpcUA\OpcUaMap.uad"
    LogicalPath="Turqueplast.X20CP1382.Connectivity.OpcUA.OpcUaMap.uad"
    Type="File"
    LastWriteTime="132889654644564232"
    Private="false" />
  <Object
    Path="C:\projects\GitH\Various\PLANT_CONTROLLER\WRAPPER_CTRL\Physical\Turqueplast\X20CP1382\TextSystem\Package.pkg"
    LogicalPath="Turqueplast.X20CP1382.TextSystem"
    Type="Package"
    LastWriteTime="132084236607824248" />
  <Object
    Path="C:\projects\GitH\Various\PLANT_CONTROLLER\WRAPPER_CTRL\Physical\Turqueplast\X20CP1382\UnitSystem\Package.pkg"
    LogicalPath="Turqueplast.X20CP1382.UnitSystem"
    Type="Package"
    LastWriteTime="132084236607923968" />
  <Object
    Path="C:\projects\GitH\Various\PLANT_CONTROLLER\WRAPPER_CTRL\Physical\Turqueplast\X20CP1382\AccessAndSecurity\Package.pkg"
    LogicalPath="Turqueplast.X20CP1382.AccessAndSecurity"
    Type="Package"
    LastWriteTime="132084236609350155" />
  <Object
    Path="C:\projects\GitH\Various\PLANT_CONTROLLER\WRAPPER_CTRL\Physical\Turqueplast\X20CP1382\AccessAndSecurity\UserRoleSystem\Package.pkg"
    LogicalPath="Turqueplast.X20CP1382.AccessAndSecurity.UserRoleSystem"
    Type="Package"
    LastWriteTime="132084236608283019" />
  <Object
    Path="C:\projects\GitH\Various\PLANT_CONTROLLER\WRAPPER_CTRL\Physical\Turqueplast\X20CP1382\AccessAndSecurity\UserRoleSystem\Role.role"
    LogicalPath="Turqueplast.X20CP1382.AccessAndSecurity.UserRoleSystem.Role.role"
    Type="File"
    LastWriteTime="132084236608203282"
    Private="false" />
  <Object
    Path="C:\projects\GitH\Various\PLANT_CONTROLLER\WRAPPER_CTRL\Physical\Turqueplast\X20CP1382\AccessAndSecurity\UserRoleSystem\User.user"
    LogicalPath="Turqueplast.X20CP1382.AccessAndSecurity.UserRoleSystem.User.user"
    Type="File"
    LastWriteTime="132084236608253124"
    Private="false" />
  <Object
    Path="C:\projects\GitH\Various\PLANT_CONTROLLER\WRAPPER_CTRL\Physical\Turqueplast\X20CP1382\AccessAndSecurity\CertificateStore\Package.pkg"
    LogicalPath="Turqueplast.X20CP1382.AccessAndSecurity.CertificateStore"
    Type="Package"
    LastWriteTime="132084236609170910" />
  <Object
    Path="C:\projects\GitH\Various\PLANT_CONTROLLER\WRAPPER_CTRL\Physical\Turqueplast\X20CP1382\AccessAndSecurity\CertificateStore\OwnCertificates\Package.pkg"
    LogicalPath="Turqueplast.X20CP1382.AccessAndSecurity.CertificateStore.OwnCertificates"
    Type="Package"
    LastWriteTime="132084236608731823" />
  <Object
    Path="C:\projects\GitH\Various\PLANT_CONTROLLER\WRAPPER_CTRL\Physical\Turqueplast\X20CP1382\AccessAndSecurity\CertificateStore\OwnCertificates\Certificates\Package.pkg"
    LogicalPath="Turqueplast.X20CP1382.AccessAndSecurity.CertificateStore.OwnCertificates.Certificates"
    Type="Package"
    LastWriteTime="132084236608592544" />
  <Object
    Path="C:\projects\GitH\Various\PLANT_CONTROLLER\WRAPPER_CTRL\Physical\Turqueplast\X20CP1382\AccessAndSecurity\CertificateStore\OwnCertificates\PrivateKeys\Package.pkg"
    LogicalPath="Turqueplast.X20CP1382.AccessAndSecurity.CertificateStore.OwnCertificates.PrivateKeys"
    Type="Package"
    LastWriteTime="132084236608691931" />
  <Object
    Path="C:\projects\GitH\Various\PLANT_CONTROLLER\WRAPPER_CTRL\Physical\Turqueplast\X20CP1382\AccessAndSecurity\CertificateStore\ThirdPartyCertificates\Package.pkg"
    LogicalPath="Turqueplast.X20CP1382.AccessAndSecurity.CertificateStore.ThirdPartyCertificates"
    Type="Package"
    LastWriteTime="132084236608941537" />
  <Object
    Path="C:\projects\GitH\Various\PLANT_CONTROLLER\WRAPPER_CTRL\Physical\Turqueplast\X20CP1382\AccessAndSecurity\CertificateStore\ThirdPartyCertificates\SoftwareCertificates\Package.pkg"
    LogicalPath="Turqueplast.X20CP1382.AccessAndSecurity.CertificateStore.ThirdPartyCertificates.SoftwareCertificates"
    Type="Package"
    LastWriteTime="132084236608911336" />
  <Object
    Path="C:\projects\GitH\Various\PLANT_CONTROLLER\WRAPPER_CTRL\Physical\Turqueplast\X20CP1382\AccessAndSecurity\CertificateStore\CertificateRevocationLists\Package.pkg"
    LogicalPath="Turqueplast.X20CP1382.AccessAndSecurity.CertificateStore.CertificateRevocationLists"
    Type="Package"
    LastWriteTime="132084236609041252" />
  <Object
    Path="C:\projects\GitH\Various\PLANT_CONTROLLER\WRAPPER_CTRL\Physical\Turqueplast\X20CP1382\AccessAndSecurity\CertificateStore\CertificateSigningRequests\Package.pkg"
    LogicalPath="Turqueplast.X20CP1382.AccessAndSecurity.CertificateStore.CertificateSigningRequests"
    Type="Package"
    LastWriteTime="132084236609140732" />
  <Object
    Path="C:\projects\GitH\Various\PLANT_CONTROLLER\WRAPPER_CTRL\Physical\Turqueplast\X20CP1382\AccessAndSecurity\TransportLayerSecurity\Package.pkg"
    LogicalPath="Turqueplast.X20CP1382.AccessAndSecurity.TransportLayerSecurity"
    Type="Package"
    LastWriteTime="132084236609320393" />
  <Object
    Path="C:\projects\GitH\Various\PLANT_CONTROLLER\WRAPPER_CTRL\Physical\Turqueplast\X20CP1382\mappControl\Package.pkg"
    LogicalPath="Turqueplast.X20CP1382.mappControl"
    Type="Package"
    LastWriteTime="132084236609469845" />
  <Object
    Path="C:\projects\GitH\Various\PLANT_CONTROLLER\WRAPPER_CTRL\Physical\Turqueplast\X20CP1382\mappMotion\Package.pkg"
    LogicalPath="Turqueplast.X20CP1382.mappMotion"
    Type="Package"
    LastWriteTime="132084236609569834" />
  <Object
    Path="C:\projects\GitH\Various\PLANT_CONTROLLER\WRAPPER_CTRL\Physical\Turqueplast\X20CP1382\mappServices\Package.pkg"
    LogicalPath="Turqueplast.X20CP1382.mappServices"
    Type="Package"
    LastWriteTime="132084236609669300" />
  <Object
    Path="C:\projects\GitH\Various\PLANT_CONTROLLER\WRAPPER_CTRL\Physical\Turqueplast\X20CP1382\mappView\Package.pkg"
    LogicalPath="Turqueplast.X20CP1382.mappView"
    Type="Package"
    LastWriteTime="132084236609779025" />
  <Object
    Path="C:\projects\GitH\Various\PLANT_CONTROLLER\WRAPPER_CTRL\Physical\Turqueplast\X20CP1382\mappCockpit\Package.pkg"
    LogicalPath="Turqueplast.X20CP1382.mappCockpit"
    Type="Package"
    LastWriteTime="132084236609888714" />
  <Object
    Path="C:\projects\GitH\Various\PLANT_CONTROLLER\WRAPPER_CTRL\Physical\Turqueplast\Hardware.jpg"
    LogicalPath="Turqueplast.Hardware.jpg"
    Type="File"
    LastWriteTime="132494937242119842"
    Private="false" />
</Objects>