<?xml version="1.0" encoding="utf-8"?>
<?AutomationStudio Version=3.0?>
<Transfer xmlns="http://br-automation.co.at/AS/Transfer">
  <OperatingSystem Version="O4.34"/>
  <Hardware Target="SG4"/>
  <Operation Delete="OpcUA_IF.br"/>
  <Operation Delete="main.br"/>
  <Operation Delete="clock.br"/>
  <Operation Delete="Visu.br"/>
  <Operation Delete="vctcal.br"/>
  <Operation Delete="vcrt.br"/>
  <Operation Delete="vcpkat.br"/>
  <Operation Delete="vcpfx20.br"/>
  <Operation Delete="vcpdsw.br"/>
  <Operation Delete="vcmgr.br"/>
  <Operation Delete="vcfntttf.br"/>
  <Operation Delete="vcfile.br"/>
  <Operation Delete="vcdsloc.br"/>
  <Operation Delete="vcdsint.br"/>
  <Operation Delete="vcctext.br"/>
  <Operation Delete="vccstr.br"/>
  <Operation Delete="vccovl.br"/>
  <Operation Delete="vccnum.br"/>
  <Operation Delete="vccdt.br"/>
  <Operation Delete="vccbtn.br"/>
  <Operation Delete="vccbmp.br"/>
  <Operation Delete="vcbclass.br"/>
  <Operation Delete="vcalarm.br"/>
  <Operation Delete="asieccon.br"/>
  <Operation Delete="vcshared.br"/>
  <Operation Delete="segoeuiz.br"/>
  <Operation Delete="arialbd.br"/>
  <Operation Delete="segoeuib.br"/>
  <Operation Delete="segoeuii.br"/>
  <Operation Delete="segoeui.br"/>
  <Operation Delete="arial.br"/>
  <Operation Delete="lucon.br"/>
  <Operation Delete="Visu03.br"/>
  <Operation Delete="Visu02.br"/>
  <Operation Delete="Visu01.br"/>
  <Operation Delete="astime.br"/>
  <Operation Delete="ashw.br"/>
  <Operation Delete="vcgclass.br"/>
  <Operation Delete="FileIO.br"/>
  <Operation Delete="dataobj.br"/>
  <Operation Delete="vcpdvnc.br"/>
  <Operation Delete="vcnet.br"/>
  <Operation Download="asfw.br" Memory="SystemROM"/>
  <Operation Download="ashwd.br" Memory="SystemROM"/>
  <Operation Download="arconfig.br" Memory="SystemROM"/>
  <Operation Download="sysconf.br" Memory="SystemROM"/>
  <Operation Restart="warm"/>
  <Operation Download="vcresman.br" Memory="UserROM"/>
  <Operation Download="vcnet.br" Memory="UserROM"/>
  <Operation Download="vcpdvnc.br" Memory="UserROM"/>
  <Operation Restart="warm"/>
  <Operation Download="udbdef.br" Memory="UserROM"/>
  <Operation Download="TCData.br" Memory="SystemROM"/>
  <Operation Download="Role.br" Memory="UserROM"/>
  <Operation Download="User.br" Memory="UserROM"/>
  <Operation Download="iomap.br" Memory="UserROM"/>
  <Operation Download="ashwac.br" Memory="UserROM"/>
  <Operation Download="runtime.br" Memory="UserROM"/>
  <Operation Download="standard.br" Memory="UserROM"/>
  <Operation Download="asstring.br" Memory="UserROM"/>
  <Operation Download="OpcUaMap.br" Memory="UserROM"/>
  <Operation Download="dataobj.br" Memory="UserROM"/>
  <Operation Download="FileIO.br" Memory="UserROM"/>
  <Operation Download="vcgclass.br" Memory="UserROM"/>
  <Operation Download="ashw.br" Memory="UserROM"/>
  <Operation Download="astime.br" Memory="UserROM"/>
  <Operation Download="Visu01.br" Memory="UserROM"/>
  <Operation Download="Visu02.br" Memory="UserROM"/>
  <Operation Download="Visu03.br" Memory="UserROM"/>
  <Operation Download="lucon.br" Memory="UserROM"/>
  <Operation Download="arial.br" Memory="UserROM"/>
  <Operation Download="segoeui.br" Memory="UserROM"/>
  <Operation Download="segoeuii.br" Memory="UserROM"/>
  <Operation Download="segoeuib.br" Memory="UserROM"/>
  <Operation Download="arialbd.br" Memory="UserROM"/>
  <Operation Download="segoeuiz.br" Memory="UserROM"/>
  <Operation Download="vcshared.br" Memory="UserROM"/>
  <Operation Download="asieccon.br" Memory="UserROM"/>
  <Operation Download="vcalarm.br" Memory="UserROM"/>
  <Operation Download="vcbclass.br" Memory="UserROM"/>
  <Operation Download="vccbmp.br" Memory="UserROM"/>
  <Operation Download="vccbtn.br" Memory="UserROM"/>
  <Operation Download="vccdt.br" Memory="UserROM"/>
  <Operation Download="vccnum.br" Memory="UserROM"/>
  <Operation Download="vccovl.br" Memory="UserROM"/>
  <Operation Download="vccstr.br" Memory="UserROM"/>
  <Operation Download="vcctext.br" Memory="UserROM"/>
  <Operation Download="vcdsint.br" Memory="UserROM"/>
  <Operation Download="vcdsloc.br" Memory="UserROM"/>
  <Operation Download="vcfile.br" Memory="UserROM"/>
  <Operation Download="vcfntttf.br" Memory="UserROM"/>
  <Operation Download="vcmgr.br" Memory="UserROM"/>
  <Operation Download="vcpdsw.br" Memory="UserROM"/>
  <Operation Download="vcpfx20.br" Memory="UserROM"/>
  <Operation Download="vcpkat.br" Memory="UserROM"/>
  <Operation Download="vcrt.br" Memory="UserROM"/>
  <Operation Download="vctcal.br" Memory="UserROM"/>
  <Operation Download="Visu.br" Memory="UserROM"/>
  <Operation Download="clock.br" Memory="UserROM"/>
  <Operation Download="Varie.br" Memory="UserROM"/>
  <Operation Download="main.br" Memory="UserROM"/>
  <Operation Download="OpcUA_IF.br" Memory="UserROM"/>
</Transfer>