<?xml version="1.0" encoding="utf-8"?>
<?AutomationStudio Version="4.9.5.36 SP"?>
<Objects>
  <Object
    Path="C:\projects\Agroittica\Logical\Package.pkg"
    LogicalPath=""
    Type="Package.ParentUnknown"
    LastWriteTime="133316507589381846" />
  <Object
    Path="C:\projects\Agroittica\Temp\Includes\AS_TempDecl\Config1\GlobalComponents\McElements.var"
    LogicalPath="McElements.var"
    Type="File"
    LastWriteTime="133316613052445812"
    Private="false" />
  <Object
    Path="C:\projects\Agroittica\Logical\Global.typ"
    LogicalPath="Global.typ"
    Type="File"
    LastWriteTime="133316434157251315"
    Private="false" />
  <Object
    Path="C:\projects\Agroittica\Logical\Global.var"
    LogicalPath="Global.var"
    Type="File"
    LastWriteTime="133316520254078260"
    Private="false" />
  <Object
    Path="C:\projects\Agroittica\Logical\Constant.var"
    LogicalPath="Constant.var"
    Type="File"
    LastWriteTime="133313747601813017"
    Private="false" />
  <Object
    Path="C:\projects\Agroittica\Logical\Libraries\Package.pkg"
    LogicalPath="Libraries"
    Type="Package"
    LastWriteTime="133316527889341072" />
  <Object
    Path="C:\projects\Agroittica\Logical\Libraries\operator\binary.lby"
    LogicalPath="Libraries.operator"
    Type="Library"
    LastWriteTime="133312015574763247" />
  <Object
    Path="C:\projects\Agroittica\Logical\Libraries\operator\operator.fun"
    LogicalPath="Libraries.operator.operator.fun"
    Type="File"
    LastWriteTime="133312015574720939"
    Private="false" />
  <Object
    Path="C:\projects\Agroittica\Logical\Libraries\operator\operator.typ"
    LogicalPath="Libraries.operator.operator.typ"
    Type="File"
    LastWriteTime="133312015574751106"
    Private="false" />
  <Object
    Path="C:\projects\Agroittica\Logical\Libraries\operator\operator.var"
    LogicalPath="Libraries.operator.operator.var"
    Type="File"
    LastWriteTime="133312015574763247"
    Private="false" />
  <Object
    Path="C:\projects\Agroittica\Logical\Libraries\runtime\binary.lby"
    LogicalPath="Libraries.runtime"
    Type="Library"
    LastWriteTime="133312015577587500" />
  <Object
    Path="C:\projects\Agroittica\Logical\Libraries\runtime\runtime.fun"
    LogicalPath="Libraries.runtime.runtime.fun"
    Type="File"
    LastWriteTime="133312015577567496"
    Private="false" />
  <Object
    Path="C:\projects\Agroittica\Logical\Libraries\runtime\runtime.typ"
    LogicalPath="Libraries.runtime.runtime.typ"
    Type="File"
    LastWriteTime="133312015577577497"
    Private="false" />
  <Object
    Path="C:\projects\Agroittica\Logical\Libraries\runtime\runtime.var"
    LogicalPath="Libraries.runtime.runtime.var"
    Type="File"
    LastWriteTime="133312015577587500"
    Private="false" />
  <Object
    Path="C:\projects\Agroittica\Logical\Libraries\astime\binary.lby"
    LogicalPath="Libraries.astime"
    Type="Library"
    LastWriteTime="133312015580398597" />
  <Object
    Path="C:\projects\Agroittica\Logical\Libraries\astime\astime.fun"
    LogicalPath="Libraries.astime.astime.fun"
    Type="File"
    LastWriteTime="133312015580375863"
    Private="false" />
  <Object
    Path="C:\projects\Agroittica\Logical\Libraries\astime\astime.typ"
    LogicalPath="Libraries.astime.astime.typ"
    Type="File"
    LastWriteTime="133312015580386714"
    Private="false" />
  <Object
    Path="C:\projects\Agroittica\Logical\Libraries\astime\astime.var"
    LogicalPath="Libraries.astime.astime.var"
    Type="File"
    LastWriteTime="133312015580398597"
    Private="false" />
  <Object
    Path="C:\projects\Agroittica\Logical\Libraries\AsIecCon\binary.lby"
    LogicalPath="Libraries.AsIecCon"
    Type="Library"
    LastWriteTime="133312015583191107" />
  <Object
    Path="C:\projects\Agroittica\Logical\Libraries\AsIecCon\AsIecCon.fun"
    LogicalPath="Libraries.AsIecCon.AsIecCon.fun"
    Type="File"
    LastWriteTime="133312015583156521"
    Private="false" />
  <Object
    Path="C:\projects\Agroittica\Logical\Libraries\AsIecCon\AsIecCon.typ"
    LogicalPath="Libraries.AsIecCon.AsIecCon.typ"
    Type="File"
    LastWriteTime="133312015583169574"
    Private="false" />
  <Object
    Path="C:\projects\Agroittica\Logical\Libraries\AsIecCon\AsIecCon.var"
    LogicalPath="Libraries.AsIecCon.AsIecCon.var"
    Type="File"
    LastWriteTime="133312015583181076"
    Private="false" />
  <Object
    Path="C:\projects\Agroittica\Logical\Libraries\McBase\binary.lby"
    LogicalPath="Libraries.McBase"
    Type="Library"
    LastWriteTime="133312939846764258" />
  <Object
    Path="C:\projects\Agroittica\Logical\Libraries\McBase\McBase.typ"
    LogicalPath="Libraries.McBase.McBase.typ"
    Type="File"
    LastWriteTime="133312939846764258"
    Private="false" />
  <Object
    Path="C:\projects\Agroittica\Logical\Libraries\McBase\McBase.fun"
    LogicalPath="Libraries.McBase.McBase.fun"
    Type="File"
    LastWriteTime="133312939846764258"
    Private="false" />
  <Object
    Path="C:\projects\Agroittica\Logical\Libraries\McBase\McBase.var"
    LogicalPath="Libraries.McBase.McBase.var"
    Type="File"
    LastWriteTime="133312939846764258"
    Private="false" />
  <Object
    Path="C:\projects\Agroittica\Logical\Libraries\McBase\McBaseCfg.typ"
    LogicalPath="Libraries.McBase.McBaseCfg.typ"
    Type="File"
    LastWriteTime="133312939846764258"
    Private="false" />
  <Object
    Path="C:\projects\Agroittica\Logical\Libraries\MpAxis\binary.lby"
    LogicalPath="Libraries.MpAxis"
    Type="Library"
    LastWriteTime="133312944363643142" />
  <Object
    Path="C:\projects\Agroittica\Logical\Libraries\MpAxis\MpAxis.fun"
    LogicalPath="Libraries.MpAxis.MpAxis.fun"
    Type="File"
    LastWriteTime="133312944363643142"
    Private="false" />
  <Object
    Path="C:\projects\Agroittica\Logical\Libraries\MpAxis\MpAxis.typ"
    LogicalPath="Libraries.MpAxis.MpAxis.typ"
    Type="File"
    LastWriteTime="133312944363643142"
    Private="false" />
  <Object
    Path="C:\projects\Agroittica\Logical\Libraries\MpAxis\MpAxisError.typ"
    LogicalPath="Libraries.MpAxis.MpAxisError.typ"
    Type="File"
    LastWriteTime="133312944363643142"
    Private="false" />
  <Object
    Path="C:\projects\Agroittica\Logical\Libraries\McAxis\binary.lby"
    LogicalPath="Libraries.McAxis"
    Type="Library"
    LastWriteTime="133312944363843544" />
  <Object
    Path="C:\projects\Agroittica\Logical\Libraries\McAxis\McAxis.typ"
    LogicalPath="Libraries.McAxis.McAxis.typ"
    Type="File"
    LastWriteTime="133312944363743328"
    Private="false" />
  <Object
    Path="C:\projects\Agroittica\Logical\Libraries\McAxis\McAxis.fun"
    LogicalPath="Libraries.McAxis.McAxis.fun"
    Type="File"
    LastWriteTime="133312944363743328"
    Private="false" />
  <Object
    Path="C:\projects\Agroittica\Logical\Libraries\McAxis\McAxis.var"
    LogicalPath="Libraries.McAxis.McAxis.var"
    Type="File"
    LastWriteTime="133312944363743328"
    Private="false" />
  <Object
    Path="C:\projects\Agroittica\Logical\Libraries\McAxis\McAxisCfg.typ"
    LogicalPath="Libraries.McAxis.McAxisCfg.typ"
    Type="File"
    LastWriteTime="133312944363843544"
    Private="false" />
  <Object
    Path="C:\projects\Agroittica\Logical\Libraries\McAcpAx\binary.lby"
    LogicalPath="Libraries.McAcpAx"
    Type="Library"
    LastWriteTime="133312944375586699" />
  <Object
    Path="C:\projects\Agroittica\Logical\Libraries\McAcpAx\McAcpAx.typ"
    LogicalPath="Libraries.McAcpAx.McAcpAx.typ"
    Type="File"
    LastWriteTime="133312944375486465"
    Private="false" />
  <Object
    Path="C:\projects\Agroittica\Logical\Libraries\McAcpAx\McAcpAx.fun"
    LogicalPath="Libraries.McAcpAx.McAcpAx.fun"
    Type="File"
    LastWriteTime="133312944375486465"
    Private="false" />
  <Object
    Path="C:\projects\Agroittica\Logical\Libraries\McAcpAx\McAcpAx.var"
    LogicalPath="Libraries.McAcpAx.McAcpAx.var"
    Type="File"
    LastWriteTime="133312944375486465"
    Private="false" />
  <Object
    Path="C:\projects\Agroittica\Logical\Libraries\McAcpAx\McAcpAxCfg.typ"
    LogicalPath="Libraries.McAcpAx.McAcpAxCfg.typ"
    Type="File"
    LastWriteTime="133312944375586699"
    Private="false" />
  <Object
    Path="C:\projects\Agroittica\Logical\Libraries\AsTCP\binary.lby"
    LogicalPath="Libraries.AsTCP"
    Type="Library"
    LastWriteTime="133313978049541573" />
  <Object
    Path="C:\projects\Agroittica\Logical\Libraries\AsTCP\AsTCP.fun"
    LogicalPath="Libraries.AsTCP.AsTCP.fun"
    Type="File"
    LastWriteTime="133313978049381492"
    Private="false" />
  <Object
    Path="C:\projects\Agroittica\Logical\Libraries\AsTCP\AsTCP.typ"
    LogicalPath="Libraries.AsTCP.AsTCP.typ"
    Type="File"
    LastWriteTime="133313978049541573"
    Private="false" />
  <Object
    Path="C:\projects\Agroittica\Logical\Libraries\AsTCP\AsTCP.var"
    LogicalPath="Libraries.AsTCP.AsTCP.var"
    Type="File"
    LastWriteTime="133313978049541573"
    Private="false" />
  <Object
    Path="C:\projects\Agroittica\Logical\Libraries\standard\binary.lby"
    LogicalPath="Libraries.standard"
    Type="Library"
    LastWriteTime="133313999154875361" />
  <Object
    Path="C:\projects\Agroittica\Logical\Libraries\standard\standard.fun"
    LogicalPath="Libraries.standard.standard.fun"
    Type="File"
    LastWriteTime="133313999154875361"
    Private="false" />
  <Object
    Path="C:\projects\Agroittica\Logical\Libraries\standard\standard.typ"
    LogicalPath="Libraries.standard.standard.typ"
    Type="File"
    LastWriteTime="133313999154875361"
    Private="false" />
  <Object
    Path="C:\projects\Agroittica\Logical\Libraries\standard\standard.var"
    LogicalPath="Libraries.standard.standard.var"
    Type="File"
    LastWriteTime="133313999154875361"
    Private="false" />
  <Object
    Path="C:\projects\Agroittica\Logical\Libraries\asstring\binary.lby"
    LogicalPath="Libraries.asstring"
    Type="Library"
    LastWriteTime="133316400867438835" />
  <Object
    Path="C:\projects\Agroittica\Logical\Libraries\asstring\asstring.fun"
    LogicalPath="Libraries.asstring.asstring.fun"
    Type="File"
    LastWriteTime="133316400867282662"
    Private="false" />
  <Object
    Path="C:\projects\Agroittica\Logical\Libraries\asstring\asstring.typ"
    LogicalPath="Libraries.asstring.asstring.typ"
    Type="File"
    LastWriteTime="133316400867282662"
    Private="false" />
  <Object
    Path="C:\projects\Agroittica\Logical\Libraries\asstring\asstring.var"
    LogicalPath="Libraries.asstring.asstring.var"
    Type="File"
    LastWriteTime="133316400867438835"
    Private="false" />
  <Object
    Path="C:\projects\Agroittica\Logical\Libraries\sys_lib\binary.lby"
    LogicalPath="Libraries.sys_lib"
    Type="Library"
    LastWriteTime="133316509022445585" />
  <Object
    Path="C:\projects\Agroittica\Logical\Libraries\sys_lib\sys_lib.fun"
    LogicalPath="Libraries.sys_lib.sys_lib.fun"
    Type="File"
    LastWriteTime="133316509022445585"
    Private="false" />
  <Object
    Path="C:\projects\Agroittica\Logical\Libraries\sys_lib\sys_lib.typ"
    LogicalPath="Libraries.sys_lib.sys_lib.typ"
    Type="File"
    LastWriteTime="133316509022445585"
    Private="false" />
  <Object
    Path="C:\projects\Agroittica\Logical\Libraries\sys_lib\sys_lib.var"
    LogicalPath="Libraries.sys_lib.sys_lib.var"
    Type="File"
    LastWriteTime="133316509022445585"
    Private="false" />
  <Object
    Path="C:\projects\Agroittica\Logical\Libraries\MpRecipe\Binary.lby"
    LogicalPath="Libraries.MpRecipe"
    Type="Library"
    LastWriteTime="133316511118417371" />
  <Object
    Path="C:\projects\Agroittica\Logical\Libraries\MpRecipe\MpRecipe.typ"
    LogicalPath="Libraries.MpRecipe.MpRecipe.typ"
    Type="File"
    LastWriteTime="133316511118417371"
    Private="false" />
  <Object
    Path="C:\projects\Agroittica\Logical\Libraries\MpRecipe\MpRecipeAlarm.typ"
    LogicalPath="Libraries.MpRecipe.MpRecipeAlarm.typ"
    Type="File"
    LastWriteTime="133316511118417371"
    Private="false" />
  <Object
    Path="C:\projects\Agroittica\Logical\Libraries\MpRecipe\MpRecipeError.typ"
    LogicalPath="Libraries.MpRecipe.MpRecipeError.typ"
    Type="File"
    LastWriteTime="133316511118417371"
    Private="false" />
  <Object
    Path="C:\projects\Agroittica\Logical\Libraries\MpRecipe\MpRecipe.fun"
    LogicalPath="Libraries.MpRecipe.MpRecipe.fun"
    Type="File"
    LastWriteTime="133316511118417371"
    Private="false" />
  <Object
    Path="C:\projects\Agroittica\Logical\Libraries\MpBase\Binary.lby"
    LogicalPath="Libraries.MpBase"
    Type="Library"
    LastWriteTime="133316511118731264" />
  <Object
    Path="C:\projects\Agroittica\Logical\Libraries\MpBase\MpBase.typ"
    LogicalPath="Libraries.MpBase.MpBase.typ"
    Type="File"
    LastWriteTime="133316511118573537"
    Private="false" />
  <Object
    Path="C:\projects\Agroittica\Logical\Libraries\MpBase\MpBase.var"
    LogicalPath="Libraries.MpBase.MpBase.var"
    Type="File"
    LastWriteTime="133316511118731264"
    Private="false" />
  <Object
    Path="C:\projects\Agroittica\Logical\Libraries\MpBase\MpBase.fun"
    LogicalPath="Libraries.MpBase.MpBase.fun"
    Type="File"
    LastWriteTime="133316511118731264"
    Private="false" />
  <Object
    Path="C:\projects\Agroittica\Logical\Libraries\MpBase\Common_EventLog.tmx"
    LogicalPath="Libraries.MpBase.Common_EventLog.tmx"
    Type="File"
    LastWriteTime="133316511118731264"
    Private="false" />
  <Object
    Path="C:\projects\Agroittica\Logical\Libraries\MpFile\Binary.lby"
    LogicalPath="Libraries.MpFile"
    Type="Library"
    LastWriteTime="133316527647407398" />
  <Object
    Path="C:\projects\Agroittica\Logical\Libraries\MpFile\MpFile.typ"
    LogicalPath="Libraries.MpFile.MpFile.typ"
    Type="File"
    LastWriteTime="133316527647251139"
    Private="false" />
  <Object
    Path="C:\projects\Agroittica\Logical\Libraries\MpFile\MpFileError.typ"
    LogicalPath="Libraries.MpFile.MpFileError.typ"
    Type="File"
    LastWriteTime="133316527647251139"
    Private="false" />
  <Object
    Path="C:\projects\Agroittica\Logical\Libraries\MpFile\MpFileAlarm.typ"
    LogicalPath="Libraries.MpFile.MpFileAlarm.typ"
    Type="File"
    LastWriteTime="133316527647407398"
    Private="false" />
  <Object
    Path="C:\projects\Agroittica\Logical\Libraries\MpFile\MpFile.fun"
    LogicalPath="Libraries.MpFile.MpFile.fun"
    Type="File"
    LastWriteTime="133316527647407398"
    Private="false" />
  <Object
    Path="C:\projects\Agroittica\Logical\Libraries\FileIO\binary.lby"
    LogicalPath="Libraries.FileIO"
    Type="Library"
    LastWriteTime="133316527647564055" />
  <Object
    Path="C:\projects\Agroittica\Logical\Libraries\FileIO\FileIO.fun"
    LogicalPath="Libraries.FileIO.FileIO.fun"
    Type="File"
    LastWriteTime="133316527647564055"
    Private="false" />
  <Object
    Path="C:\projects\Agroittica\Logical\Libraries\FileIO\FileIO.typ"
    LogicalPath="Libraries.FileIO.FileIO.typ"
    Type="File"
    LastWriteTime="133316527647564055"
    Private="false" />
  <Object
    Path="C:\projects\Agroittica\Logical\Libraries\FileIO\FileIO.var"
    LogicalPath="Libraries.FileIO.FileIO.var"
    Type="File"
    LastWriteTime="133316527647564055"
    Private="false" />
  <Object
    Path="C:\projects\Agroittica\Logical\Libraries\MpAlarmX\Binary.lby"
    LogicalPath="Libraries.MpAlarmX"
    Type="Library"
    LastWriteTime="133316527888872239" />
  <Object
    Path="C:\projects\Agroittica\Logical\Libraries\MpAlarmX\MpAlarmX.typ"
    LogicalPath="Libraries.MpAlarmX.MpAlarmX.typ"
    Type="File"
    LastWriteTime="133316527888872239"
    Private="false" />
  <Object
    Path="C:\projects\Agroittica\Logical\Libraries\MpAlarmX\MpAlarmXError.typ"
    LogicalPath="Libraries.MpAlarmX.MpAlarmXError.typ"
    Type="File"
    LastWriteTime="133316527888872239"
    Private="false" />
  <Object
    Path="C:\projects\Agroittica\Logical\Libraries\MpAlarmX\MpAlarmX.fun"
    LogicalPath="Libraries.MpAlarmX.MpAlarmX.fun"
    Type="File"
    LastWriteTime="133316527888872239"
    Private="false" />
  <Object
    Path="C:\projects\Agroittica\Logical\Hmi\Package.pkg"
    LogicalPath="Hmi"
    Type="Package"
    LastWriteTime="133316529894821059" />
  <Object
    Path="C:\projects\Agroittica\Logical\Hmi\Visu\Vc.dob"
    LogicalPath="Hmi.Visu"
    Type="DataObject"
    LastWriteTime="133313973127613381" />
  <Object
    Path="C:\projects\Agroittica\Logical\Hmi\Visu\VCObject.vc"
    LogicalPath="Hmi.Visu.VCObject.vc"
    Type="File"
    LastWriteTime="133313973128713629"
    Private="false" />
  <Object
    Path="C:\projects\Agroittica\Logical\Hmi\Visu_T30\Vc.dob"
    LogicalPath="Hmi.Visu_T30"
    Type="DataObject"
    LastWriteTime="133316502474358159" />
  <Object
    Path="C:\projects\Agroittica\Logical\Hmi\Visu_T30\VCObject.vc"
    LogicalPath="Hmi.Visu_T30.VCObject.vc"
    Type="File"
    LastWriteTime="133316529894821059"
    Private="false" />
  <Object
    Path="C:\projects\Agroittica\Logical\IO\Package.pkg"
    LogicalPath="IO"
    Type="Package"
    LastWriteTime="133313866871028678" />
  <Object
    Path="C:\projects\Agroittica\Logical\IO\io_drive\IEC.prg"
    LogicalPath="IO.io_drive"
    Type="Program"
    LastWriteTime="133313730721733119" />
  <Object
    Path="C:\projects\Agroittica\Logical\IO\io_drive\Cyclic.st"
    LogicalPath="IO.io_drive.Cyclic.st"
    Type="File"
    LastWriteTime="133313747825674024"
    Private="false" />
  <Object
    Path="C:\projects\Agroittica\Logical\IO\io_drive\Init.st"
    LogicalPath="IO.io_drive.Init.st"
    Type="File"
    LastWriteTime="133313730721733119"
    Private="false" />
  <Object
    Path="C:\projects\Agroittica\Logical\IO\io_drive\Exit.st"
    LogicalPath="IO.io_drive.Exit.st"
    Type="File"
    LastWriteTime="133313730721733119"
    Private="false" />
  <Object
    Path="C:\projects\Agroittica\Logical\IO\io_drive\Types.typ"
    LogicalPath="IO.io_drive.Types.typ"
    Type="File"
    LastWriteTime="133313730721733119"
    Private="true" />
  <Object
    Path="C:\projects\Agroittica\Logical\IO\io_drive\Variables.var"
    LogicalPath="IO.io_drive.Variables.var"
    Type="File"
    LastWriteTime="133313730721733119"
    Private="true" />
  <Object
    Path="C:\projects\Agroittica\Logical\Axis\Package.pkg"
    LogicalPath="Axis"
    Type="Package"
    LastWriteTime="133316619529014707" />
  <Object
    Path="C:\projects\Agroittica\Logical\Axis\Program\IEC.prg"
    LogicalPath="Axis.Program"
    Type="Program"
    LastWriteTime="133316619185376189" />
  <Object
    Path="C:\projects\Agroittica\Logical\Axis\Program\Cyclic.ld"
    LogicalPath="Axis.Program.Cyclic.ld"
    Type="File"
    LastWriteTime="133316623310383946"
    Private="false" />
  <Object
    Path="C:\projects\Agroittica\Logical\Axis\Program\Init.ld"
    LogicalPath="Axis.Program.Init.ld"
    Type="File"
    LastWriteTime="133316619185376189"
    Private="false" />
  <Object
    Path="C:\projects\Agroittica\Logical\Axis\Program\Exit.ld"
    LogicalPath="Axis.Program.Exit.ld"
    Type="File"
    LastWriteTime="133316619185376189"
    Private="false" />
  <Object
    Path="C:\projects\Agroittica\Logical\Axis\Program\Types.typ"
    LogicalPath="Axis.Program.Types.typ"
    Type="File"
    LastWriteTime="133316619185376189"
    Private="true" />
  <Object
    Path="C:\projects\Agroittica\Logical\Axis\Program\Variables.var"
    LogicalPath="Axis.Program.Variables.var"
    Type="File"
    LastWriteTime="133316619569180404"
    Private="true" />
  <Object
    Path="C:\projects\Agroittica\Logical\Tcp_ip\Package.pkg"
    LogicalPath="Tcp_ip"
    Type="Package"
    LastWriteTime="133316529556880682" />
  <Object
    Path="C:\projects\Agroittica\Logical\Tcp_ip\TCP_IP\IEC.prg"
    LogicalPath="Tcp_ip.TCP_IP"
    Type="Program"
    LastWriteTime="133313973522093827" />
  <Object
    Path="C:\projects\Agroittica\Logical\Tcp_ip\TCP_IP\Cyclic.st"
    LogicalPath="Tcp_ip.TCP_IP.Cyclic.st"
    Type="File"
    LastWriteTime="133316432605578716"
    Private="false" />
  <Object
    Path="C:\projects\Agroittica\Logical\Tcp_ip\TCP_IP\Init.st"
    LogicalPath="Tcp_ip.TCP_IP.Init.st"
    Type="File"
    LastWriteTime="133313994781042685"
    Private="false" />
  <Object
    Path="C:\projects\Agroittica\Logical\Tcp_ip\TCP_IP\Exit.st"
    LogicalPath="Tcp_ip.TCP_IP.Exit.st"
    Type="File"
    LastWriteTime="133313973522093827"
    Private="false" />
  <Object
    Path="C:\projects\Agroittica\Logical\Tcp_ip\TCP_IP\Types.typ"
    LogicalPath="Tcp_ip.TCP_IP.Types.typ"
    Type="File"
    LastWriteTime="133316413494253945"
    Private="true" />
  <Object
    Path="C:\projects\Agroittica\Logical\Tcp_ip\TCP_IP\Variables.var"
    LogicalPath="Tcp_ip.TCP_IP.Variables.var"
    Type="File"
    LastWriteTime="133316409005584210"
    Private="true" />
  <Object
    Path="C:\projects\Agroittica\Logical\main\Package.pkg"
    LogicalPath="main"
    Type="Package"
    LastWriteTime="133316529671635311" />
  <Object
    Path="C:\projects\Agroittica\Logical\main\Main\IEC.prg"
    LogicalPath="main.Main"
    Type="Program"
    LastWriteTime="133313983480935151" />
  <Object
    Path="C:\projects\Agroittica\Logical\main\Main\Cyclic.st"
    LogicalPath="main.Main.Cyclic.st"
    Type="File"
    LastWriteTime="133314027464049206"
    Private="false" />
  <Object
    Path="C:\projects\Agroittica\Logical\main\Main\Init.st"
    LogicalPath="main.Main.Init.st"
    Type="File"
    LastWriteTime="133313983480935151"
    Private="false" />
  <Object
    Path="C:\projects\Agroittica\Logical\main\Main\Exit.st"
    LogicalPath="main.Main.Exit.st"
    Type="File"
    LastWriteTime="133313983480935151"
    Private="false" />
  <Object
    Path="C:\projects\Agroittica\Logical\main\Main\Types.typ"
    LogicalPath="main.Main.Types.typ"
    Type="File"
    LastWriteTime="133313983480935151"
    Private="true" />
  <Object
    Path="C:\projects\Agroittica\Logical\main\Main\Variables.var"
    LogicalPath="main.Main.Variables.var"
    Type="File"
    LastWriteTime="133314027753609258"
    Private="true" />
  <Object
    Path="C:\projects\Agroittica\Logical\MpPkg\Package.pkg"
    LogicalPath="MpPkg"
    Type="Package"
    LastWriteTime="133316530875179738" />
  <Object
    Path="C:\projects\Agroittica\Logical\MpPkg\Recipe\IEC.prg"
    LogicalPath="MpPkg.Recipe"
    Type="Program"
    LastWriteTime="133316506874201905" />
  <Object
    Path="C:\projects\Agroittica\Logical\MpPkg\Recipe\Cyclic.ld"
    LogicalPath="MpPkg.Recipe.Cyclic.ld"
    Type="File"
    LastWriteTime="133316516021423655"
    Private="false" />
  <Object
    Path="C:\projects\Agroittica\Logical\MpPkg\Recipe\Init.ld"
    LogicalPath="MpPkg.Recipe.Init.ld"
    Type="File"
    LastWriteTime="133316506874045735"
    Private="false" />
  <Object
    Path="C:\projects\Agroittica\Logical\MpPkg\Recipe\Exit.ld"
    LogicalPath="MpPkg.Recipe.Exit.ld"
    Type="File"
    LastWriteTime="133316506874201905"
    Private="false" />
  <Object
    Path="C:\projects\Agroittica\Logical\MpPkg\Recipe\Types.typ"
    LogicalPath="MpPkg.Recipe.Types.typ"
    Type="File"
    LastWriteTime="133316506874201905"
    Private="true" />
  <Object
    Path="C:\projects\Agroittica\Logical\MpPkg\Recipe\Variables.var"
    LogicalPath="MpPkg.Recipe.Variables.var"
    Type="File"
    LastWriteTime="133316514794525235"
    Private="true" />
  <Object
    Path="C:\projects\Agroittica\Logical\MpPkg\Alarm_0\IEC.prg"
    LogicalPath="MpPkg.Alarm_0"
    Type="Program"
    LastWriteTime="133316530875179738" />
  <Object
    Path="C:\projects\Agroittica\Logical\MpPkg\Alarm_0\Cyclic.ld"
    LogicalPath="MpPkg.Alarm_0.Cyclic.ld"
    Type="File"
    LastWriteTime="133316533539065506"
    Private="false" />
  <Object
    Path="C:\projects\Agroittica\Logical\MpPkg\Alarm_0\Init.ld"
    LogicalPath="MpPkg.Alarm_0.Init.ld"
    Type="File"
    LastWriteTime="133316530875179738"
    Private="false" />
  <Object
    Path="C:\projects\Agroittica\Logical\MpPkg\Alarm_0\Exit.ld"
    LogicalPath="MpPkg.Alarm_0.Exit.ld"
    Type="File"
    LastWriteTime="133316530875179738"
    Private="false" />
  <Object
    Path="C:\projects\Agroittica\Logical\MpPkg\Alarm_0\Types.typ"
    LogicalPath="MpPkg.Alarm_0.Types.typ"
    Type="File"
    LastWriteTime="133316530875179738"
    Private="true" />
  <Object
    Path="C:\projects\Agroittica\Logical\MpPkg\Alarm_0\Variables.var"
    LogicalPath="MpPkg.Alarm_0.Variables.var"
    Type="File"
    LastWriteTime="133316530875179738"
    Private="true" />
  <Object
    Path="C:\projects\Agroittica\Physical\Config1\Config.pkg"
    LogicalPath="Config1"
    Type="Configuration.ParentUnknown"
    LastWriteTime="133316565234014387" />
  <Object
    Path="C:\projects\Agroittica\Physical\Config1\Hardware.hw"
    LogicalPath="Config1.Hardware.hw"
    Type="File"
    LastWriteTime="133316613703521821"
    Private="false" />
  <Object
    Path="C:\projects\Agroittica\Physical\Config1\Hardware.hwl"
    LogicalPath="Config1.Hardware.hwl"
    Type="File"
    LastWriteTime="133312028675664934"
    Private="false" />
  <Object
    Path="C:\projects\Agroittica\Physical\Config1\X20CP1382_RT\Cpu.pkg"
    LogicalPath="Config1.X20CP1382_RT"
    Type="Cpu"
    LastWriteTime="133316622005115386" />
  <Object
    Path="C:\projects\Agroittica\Physical\Config1\X20CP1382_RT\Cpu.sw"
    LogicalPath="Config1.X20CP1382_RT.Cpu.sw"
    Type="File"
    LastWriteTime="133316619529327619"
    Private="false" />
  <Object
    Path="C:\projects\Agroittica\Physical\Config1\X20CP1382_RT\Cpu.per"
    LogicalPath="Config1.X20CP1382_RT.Cpu.per"
    Type="File"
    LastWriteTime="133312015605278658"
    Private="false" />
  <Object
    Path="C:\projects\Agroittica\Physical\Config1\X20CP1382_RT\IoMap.iom"
    LogicalPath="Config1.X20CP1382_RT.IoMap.iom"
    Type="File"
    LastWriteTime="133312015605288664"
    Private="false" />
  <Object
    Path="C:\projects\Agroittica\Physical\Config1\X20CP1382_RT\PvMap.vvm"
    LogicalPath="Config1.X20CP1382_RT.PvMap.vvm"
    Type="File"
    LastWriteTime="133312015605348674"
    Private="false" />
  <Object
    Path="C:\projects\Agroittica\Physical\Config1\X20CP1382_RT\Connectivity\Package.pkg"
    LogicalPath="Config1.X20CP1382_RT.Connectivity"
    Type="Package"
    LastWriteTime="133312015605716830" />
  <Object
    Path="C:\projects\Agroittica\Physical\Config1\X20CP1382_RT\Connectivity\OpcUA\Package.pkg"
    LogicalPath="Config1.X20CP1382_RT.Connectivity.OpcUA"
    Type="Package"
    LastWriteTime="133312015605716830" />
  <Object
    Path="C:\projects\Agroittica\Physical\Config1\X20CP1382_RT\TextSystem\Package.pkg"
    LogicalPath="Config1.X20CP1382_RT.TextSystem"
    Type="Package"
    LastWriteTime="133312015605750335" />
  <Object
    Path="C:\projects\Agroittica\Physical\Config1\X20CP1382_RT\UnitSystem\Package.pkg"
    LogicalPath="Config1.X20CP1382_RT.UnitSystem"
    Type="Package"
    LastWriteTime="133312015605811509" />
  <Object
    Path="C:\projects\Agroittica\Physical\Config1\X20CP1382_RT\AccessAndSecurity\Package.pkg"
    LogicalPath="Config1.X20CP1382_RT.AccessAndSecurity"
    Type="Package"
    LastWriteTime="133312015606155990" />
  <Object
    Path="C:\projects\Agroittica\Physical\Config1\X20CP1382_RT\AccessAndSecurity\UserRoleSystem\Package.pkg"
    LogicalPath="Config1.X20CP1382_RT.AccessAndSecurity.UserRoleSystem"
    Type="Package"
    LastWriteTime="133312015605908957" />
  <Object
    Path="C:\projects\Agroittica\Physical\Config1\X20CP1382_RT\AccessAndSecurity\UserRoleSystem\Role.role"
    LogicalPath="Config1.X20CP1382_RT.AccessAndSecurity.UserRoleSystem.Role.role"
    Type="File"
    LastWriteTime="133312015605898945"
    Private="false" />
  <Object
    Path="C:\projects\Agroittica\Physical\Config1\X20CP1382_RT\AccessAndSecurity\UserRoleSystem\User.user"
    LogicalPath="Config1.X20CP1382_RT.AccessAndSecurity.UserRoleSystem.User.user"
    Type="File"
    LastWriteTime="133312015605908957"
    Private="false" />
  <Object
    Path="C:\projects\Agroittica\Physical\Config1\X20CP1382_RT\AccessAndSecurity\CertificateStore\Package.pkg"
    LogicalPath="Config1.X20CP1382_RT.AccessAndSecurity.CertificateStore"
    Type="Package"
    LastWriteTime="133312015606087288" />
  <Object
    Path="C:\projects\Agroittica\Physical\Config1\X20CP1382_RT\AccessAndSecurity\CertificateStore\OwnCertificates\Package.pkg"
    LogicalPath="Config1.X20CP1382_RT.AccessAndSecurity.CertificateStore.OwnCertificates"
    Type="Package"
    LastWriteTime="133312015605996020" />
  <Object
    Path="C:\projects\Agroittica\Physical\Config1\X20CP1382_RT\AccessAndSecurity\CertificateStore\OwnCertificates\Certificates\Package.pkg"
    LogicalPath="Config1.X20CP1382_RT.AccessAndSecurity.CertificateStore.OwnCertificates.Certificates"
    Type="Package"
    LastWriteTime="133312015605964859" />
  <Object
    Path="C:\projects\Agroittica\Physical\Config1\X20CP1382_RT\AccessAndSecurity\CertificateStore\OwnCertificates\PrivateKeys\Package.pkg"
    LogicalPath="Config1.X20CP1382_RT.AccessAndSecurity.CertificateStore.OwnCertificates.PrivateKeys"
    Type="Package"
    LastWriteTime="133312015605984882" />
  <Object
    Path="C:\projects\Agroittica\Physical\Config1\X20CP1382_RT\AccessAndSecurity\CertificateStore\ThirdPartyCertificates\Package.pkg"
    LogicalPath="Config1.X20CP1382_RT.AccessAndSecurity.CertificateStore.ThirdPartyCertificates"
    Type="Package"
    LastWriteTime="133312015606033369" />
  <Object
    Path="C:\projects\Agroittica\Physical\Config1\X20CP1382_RT\AccessAndSecurity\CertificateStore\ThirdPartyCertificates\SoftwareCertificates\Package.pkg"
    LogicalPath="Config1.X20CP1382_RT.AccessAndSecurity.CertificateStore.ThirdPartyCertificates.SoftwareCertificates"
    Type="Package"
    LastWriteTime="133312015606020430" />
  <Object
    Path="C:\projects\Agroittica\Physical\Config1\X20CP1382_RT\AccessAndSecurity\CertificateStore\CertificateRevocationLists\Package.pkg"
    LogicalPath="Config1.X20CP1382_RT.AccessAndSecurity.CertificateStore.CertificateRevocationLists"
    Type="Package"
    LastWriteTime="133312015606053376" />
  <Object
    Path="C:\projects\Agroittica\Physical\Config1\X20CP1382_RT\AccessAndSecurity\CertificateStore\CertificateSigningRequests\Package.pkg"
    LogicalPath="Config1.X20CP1382_RT.AccessAndSecurity.CertificateStore.CertificateSigningRequests"
    Type="Package"
    LastWriteTime="133312015606075898" />
  <Object
    Path="C:\projects\Agroittica\Physical\Config1\X20CP1382_RT\AccessAndSecurity\TransportLayerSecurity\Package.pkg"
    LogicalPath="Config1.X20CP1382_RT.AccessAndSecurity.TransportLayerSecurity"
    Type="Package"
    LastWriteTime="133312015606112181" />
  <Object
    Path="C:\projects\Agroittica\Physical\Config1\X20CP1382_RT\AccessAndSecurity\Firewall\Package.pkg"
    LogicalPath="Config1.X20CP1382_RT.AccessAndSecurity.Firewall"
    Type="Package"
    LastWriteTime="133312015606155990" />
  <Object
    Path="C:\projects\Agroittica\Physical\Config1\X20CP1382_RT\AccessAndSecurity\Firewall\Rules.firewallRules"
    LogicalPath="Config1.X20CP1382_RT.AccessAndSecurity.Firewall.Rules.firewallRules"
    Type="File"
    LastWriteTime="133312015606145956"
    Private="false" />
  <Object
    Path="C:\projects\Agroittica\Physical\Config1\X20CP1382_RT\mappControl\Package.pkg"
    LogicalPath="Config1.X20CP1382_RT.mappControl"
    Type="Package"
    LastWriteTime="133312015606192385" />
  <Object
    Path="C:\projects\Agroittica\Physical\Config1\X20CP1382_RT\mappMotion\Package.pkg"
    LogicalPath="Config1.X20CP1382_RT.mappMotion"
    Type="Package"
    LastWriteTime="133316613045861272" />
  <Object
    Path="C:\projects\Agroittica\Physical\Config1\X20CP1382_RT\mappMotion\Config_1.axis"
    LogicalPath="Config1.X20CP1382_RT.mappMotion.Config_1.axis"
    Type="File"
    LastWriteTime="133312989547182989"
    Private="false" />
  <Object
    Path="C:\projects\Agroittica\Physical\Config1\X20CP1382_RT\mappMotion\Config_2.axis"
    LogicalPath="Config1.X20CP1382_RT.mappMotion.Config_2.axis"
    Type="File"
    LastWriteTime="133316613045861272"
    Private="false" />
  <Object
    Path="C:\projects\Agroittica\Physical\Config1\X20CP1382_RT\mappServices\Package.pkg"
    LogicalPath="Config1.X20CP1382_RT.mappServices"
    Type="Package"
    LastWriteTime="133312015606307389" />
  <Object
    Path="C:\projects\Agroittica\Physical\Config1\X20CP1382_RT\mappSafety\Package.pkg"
    LogicalPath="Config1.X20CP1382_RT.mappSafety"
    Type="Package"
    LastWriteTime="133312015606402456" />
  <Object
    Path="C:\projects\Agroittica\Physical\Config1\X20CP1382_RT\mappSafety\SafeApplication\Package.pkg"
    LogicalPath="Config1.X20CP1382_RT.mappSafety.SafeApplication"
    Type="Package"
    LastWriteTime="133312015606378226" />
  <Object
    Path="C:\projects\Agroittica\Physical\Config1\X20CP1382_RT\mappSafety\SafeCommissioning\Package.pkg"
    LogicalPath="Config1.X20CP1382_RT.mappSafety.SafeCommissioning"
    Type="Package"
    LastWriteTime="133312015606390360" />
  <Object
    Path="C:\projects\Agroittica\Physical\Config1\X20CP1382_RT\mappView\Package.pkg"
    LogicalPath="Config1.X20CP1382_RT.mappView"
    Type="Package"
    LastWriteTime="133312015606432665" />
  <Object
    Path="C:\projects\Agroittica\Physical\Config1\X20CP1382_RT\mappVision\Package.pkg"
    LogicalPath="Config1.X20CP1382_RT.mappVision"
    Type="Package"
    LastWriteTime="133312015606512981" />
  <Object
    Path="C:\projects\Agroittica\Physical\Config1\X20CP1382_RT\mappCockpit\Package.pkg"
    LogicalPath="Config1.X20CP1382_RT.mappCockpit"
    Type="Package"
    LastWriteTime="133312015606573265" />
  <Object
    Path="C:\projects\Agroittica\Physical\Config1\Hardware.jpg"
    LogicalPath="Config1.Hardware.jpg"
    Type="File"
    LastWriteTime="133312028676025011"
    Private="false" />
</Objects>