<?xml version="1.0" encoding="utf-8"?>
<?AutomationStudio Version="4.9.5.36 SP"?>
<Objects>
  <Object
    Path="C:\projects\GitH\Various\PLANT_CONTROLLER\WRAPPER_CTRL\Logical\Package.pkg"
    LogicalPath=""
    Type="Package.ParentUnknown"
    LastWriteTime="133045078860150382" />
  <Object
    Path="C:\projects\GitH\Various\PLANT_CONTROLLER\WRAPPER_CTRL\Logical\Global.typ"
    LogicalPath="Global.typ"
    Type="File"
    LastWriteTime="133033383986904640"
    Private="false" />
  <Object
    Path="C:\projects\GitH\Various\PLANT_CONTROLLER\WRAPPER_CTRL\Logical\Global.var"
    LogicalPath="Global.var"
    Type="File"
    LastWriteTime="133045208236150724"
    Private="false" />
  <Object
    Path="C:\projects\GitH\Various\PLANT_CONTROLLER\WRAPPER_CTRL\Logical\Libraries\Package.pkg"
    LogicalPath="Libraries"
    Type="Package"
    LastWriteTime="133045257829156560" />
  <Object
    Path="C:\projects\GitH\Various\PLANT_CONTROLLER\WRAPPER_CTRL\Logical\Libraries\operator\Binary.lby"
    LogicalPath="Libraries.operator"
    Type="Library"
    LastWriteTime="132084236507154315" />
  <Object
    Path="C:\projects\GitH\Various\PLANT_CONTROLLER\WRAPPER_CTRL\Logical\Libraries\operator\operator.fun"
    LogicalPath="Libraries.operator.operator.fun"
    Type="File"
    LastWriteTime="132084236506994067"
    Private="false" />
  <Object
    Path="C:\projects\GitH\Various\PLANT_CONTROLLER\WRAPPER_CTRL\Logical\Libraries\operator\operator.typ"
    LogicalPath="Libraries.operator.operator.typ"
    Type="File"
    LastWriteTime="132084236507063707"
    Private="false" />
  <Object
    Path="C:\projects\GitH\Various\PLANT_CONTROLLER\WRAPPER_CTRL\Logical\Libraries\operator\operator.var"
    LogicalPath="Libraries.operator.operator.var"
    Type="File"
    LastWriteTime="132084236507123689"
    Private="false" />
  <Object
    Path="C:\projects\GitH\Various\PLANT_CONTROLLER\WRAPPER_CTRL\Logical\Libraries\runtime\Binary.lby"
    LogicalPath="Libraries.runtime"
    Type="Library"
    LastWriteTime="132084236538220392" />
  <Object
    Path="C:\projects\GitH\Various\PLANT_CONTROLLER\WRAPPER_CTRL\Logical\Libraries\runtime\runtime.fun"
    LogicalPath="Libraries.runtime.runtime.fun"
    Type="File"
    LastWriteTime="132084236538051088"
    Private="false" />
  <Object
    Path="C:\projects\GitH\Various\PLANT_CONTROLLER\WRAPPER_CTRL\Logical\Libraries\runtime\runtime.typ"
    LogicalPath="Libraries.runtime.runtime.typ"
    Type="File"
    LastWriteTime="132084236538120806"
    Private="false" />
  <Object
    Path="C:\projects\GitH\Various\PLANT_CONTROLLER\WRAPPER_CTRL\Logical\Libraries\runtime\runtime.var"
    LogicalPath="Libraries.runtime.runtime.var"
    Type="File"
    LastWriteTime="132084236538190470"
    Private="false" />
  <Object
    Path="C:\projects\GitH\Various\PLANT_CONTROLLER\WRAPPER_CTRL\Logical\Libraries\astime\Binary.lby"
    LogicalPath="Libraries.astime"
    Type="Library"
    LastWriteTime="132084236568998084" />
  <Object
    Path="C:\projects\GitH\Various\PLANT_CONTROLLER\WRAPPER_CTRL\Logical\Libraries\astime\astime.fun"
    LogicalPath="Libraries.astime.astime.fun"
    Type="File"
    LastWriteTime="132084236568868426"
    Private="false" />
  <Object
    Path="C:\projects\GitH\Various\PLANT_CONTROLLER\WRAPPER_CTRL\Logical\Libraries\astime\astime.typ"
    LogicalPath="Libraries.astime.astime.typ"
    Type="File"
    LastWriteTime="132084236568918291"
    Private="false" />
  <Object
    Path="C:\projects\GitH\Various\PLANT_CONTROLLER\WRAPPER_CTRL\Logical\Libraries\astime\astime.var"
    LogicalPath="Libraries.astime.astime.var"
    Type="File"
    LastWriteTime="132084236568968193"
    Private="false" />
  <Object
    Path="C:\projects\GitH\Various\PLANT_CONTROLLER\WRAPPER_CTRL\Logical\Libraries\AsIecCon\Binary.lby"
    LogicalPath="Libraries.AsIecCon"
    Type="Library"
    LastWriteTime="132084236598309856" />
  <Object
    Path="C:\projects\GitH\Various\PLANT_CONTROLLER\WRAPPER_CTRL\Logical\Libraries\AsIecCon\AsIecCon.fun"
    LogicalPath="Libraries.AsIecCon.AsIecCon.fun"
    Type="File"
    LastWriteTime="132084236598180039"
    Private="false" />
  <Object
    Path="C:\projects\GitH\Various\PLANT_CONTROLLER\WRAPPER_CTRL\Logical\Libraries\AsIecCon\AsIecCon.typ"
    LogicalPath="Libraries.AsIecCon.AsIecCon.typ"
    Type="File"
    LastWriteTime="132084236598229895"
    Private="false" />
  <Object
    Path="C:\projects\GitH\Various\PLANT_CONTROLLER\WRAPPER_CTRL\Logical\Libraries\AsIecCon\AsIecCon.var"
    LogicalPath="Libraries.AsIecCon.AsIecCon.var"
    Type="File"
    LastWriteTime="132084236598279771"
    Private="false" />
  <Object
    Path="C:\projects\GitH\Various\PLANT_CONTROLLER\WRAPPER_CTRL\Logical\Libraries\FileIO\Binary.lby"
    LogicalPath="Libraries.FileIO"
    Type="Library"
    LastWriteTime="132084637002366324" />
  <Object
    Path="C:\projects\GitH\Various\PLANT_CONTROLLER\WRAPPER_CTRL\Logical\Libraries\FileIO\FileIO.fun"
    LogicalPath="Libraries.FileIO.FileIO.fun"
    Type="File"
    LastWriteTime="132084637001458765"
    Private="false" />
  <Object
    Path="C:\projects\GitH\Various\PLANT_CONTROLLER\WRAPPER_CTRL\Logical\Libraries\FileIO\FileIO.typ"
    LogicalPath="Libraries.FileIO.FileIO.typ"
    Type="File"
    LastWriteTime="132084637001797847"
    Private="false" />
  <Object
    Path="C:\projects\GitH\Various\PLANT_CONTROLLER\WRAPPER_CTRL\Logical\Libraries\FileIO\FileIO.var"
    LogicalPath="Libraries.FileIO.FileIO.var"
    Type="File"
    LastWriteTime="132084637002126971"
    Private="false" />
  <Object
    Path="C:\projects\GitH\Various\PLANT_CONTROLLER\WRAPPER_CTRL\Logical\Libraries\standard\Binary.lby"
    LogicalPath="Libraries.standard"
    Type="Library"
    LastWriteTime="132917407815428970" />
  <Object
    Path="C:\projects\GitH\Various\PLANT_CONTROLLER\WRAPPER_CTRL\Logical\Libraries\standard\standard.fun"
    LogicalPath="Libraries.standard.standard.fun"
    Type="File"
    LastWriteTime="132917407815388969"
    Private="false" />
  <Object
    Path="C:\projects\GitH\Various\PLANT_CONTROLLER\WRAPPER_CTRL\Logical\Libraries\standard\standard.typ"
    LogicalPath="Libraries.standard.standard.typ"
    Type="File"
    LastWriteTime="132917407815408970"
    Private="false" />
  <Object
    Path="C:\projects\GitH\Various\PLANT_CONTROLLER\WRAPPER_CTRL\Logical\Libraries\standard\standard.var"
    LogicalPath="Libraries.standard.standard.var"
    Type="File"
    LastWriteTime="132917407815418969"
    Private="false" />
  <Object
    Path="C:\projects\GitH\Various\PLANT_CONTROLLER\WRAPPER_CTRL\Logical\Libraries\asstring\binary.lby"
    LogicalPath="Libraries.asstring"
    Type="Library"
    LastWriteTime="133045257829066550" />
  <Object
    Path="C:\projects\GitH\Various\PLANT_CONTROLLER\WRAPPER_CTRL\Logical\Libraries\asstring\asstring.fun"
    LogicalPath="Libraries.asstring.asstring.fun"
    Type="File"
    LastWriteTime="133045257829036549"
    Private="false" />
  <Object
    Path="C:\projects\GitH\Various\PLANT_CONTROLLER\WRAPPER_CTRL\Logical\Libraries\asstring\asstring.typ"
    LogicalPath="Libraries.asstring.asstring.typ"
    Type="File"
    LastWriteTime="133045257829046549"
    Private="false" />
  <Object
    Path="C:\projects\GitH\Various\PLANT_CONTROLLER\WRAPPER_CTRL\Logical\Libraries\asstring\asstring.var"
    LogicalPath="Libraries.asstring.asstring.var"
    Type="File"
    LastWriteTime="133045257829056550"
    Private="false" />
  <Object
    Path="C:\projects\GitH\Various\PLANT_CONTROLLER\WRAPPER_CTRL\Logical\LOGIC\Package.pkg"
    LogicalPath="LOGIC"
    Type="Package"
    LastWriteTime="133045078290337774" />
  <Object
    Path="C:\projects\GitH\Various\PLANT_CONTROLLER\WRAPPER_CTRL\Logical\LOGIC\main\IEC.prg"
    LogicalPath="LOGIC.main"
    Type="Program"
    LastWriteTime="133045078252720428" />
  <Object
    Path="C:\projects\GitH\Various\PLANT_CONTROLLER\WRAPPER_CTRL\Logical\LOGIC\main\Cyclic.ld"
    LogicalPath="LOGIC.main.Cyclic.ld"
    Type="File"
    LastWriteTime="133045078252670393"
    Private="false" />
  <Object
    Path="C:\projects\GitH\Various\PLANT_CONTROLLER\WRAPPER_CTRL\Logical\LOGIC\main\Init.ld"
    LogicalPath="LOGIC.main.Init.ld"
    Type="File"
    LastWriteTime="133045078252680427"
    Private="false" />
  <Object
    Path="C:\projects\GitH\Various\PLANT_CONTROLLER\WRAPPER_CTRL\Logical\LOGIC\main\Exit.ld"
    LogicalPath="LOGIC.main.Exit.ld"
    Type="File"
    LastWriteTime="133045078252690425"
    Private="false" />
  <Object
    Path="C:\projects\GitH\Various\PLANT_CONTROLLER\WRAPPER_CTRL\Logical\LOGIC\main\Types.typ"
    LogicalPath="LOGIC.main.Types.typ"
    Type="File"
    LastWriteTime="133045078252710387"
    Private="true" />
  <Object
    Path="C:\projects\GitH\Various\PLANT_CONTROLLER\WRAPPER_CTRL\Logical\LOGIC\main\Variables.var"
    LogicalPath="LOGIC.main.Variables.var"
    Type="File"
    LastWriteTime="133045078252720428"
    Private="true" />
  <Object
    Path="C:\projects\GitH\Various\PLANT_CONTROLLER\WRAPPER_CTRL\Logical\LOGIC\clock\ANSIC.prg"
    LogicalPath="LOGIC.clock"
    Type="Program"
    LastWriteTime="133045078290337774" />
  <Object
    Path="C:\projects\GitH\Various\PLANT_CONTROLLER\WRAPPER_CTRL\Logical\LOGIC\clock\clock.var"
    LogicalPath="LOGIC.clock.clock.var"
    Type="File"
    LastWriteTime="133045078290327726"
    Private="true" />
  <Object
    Path="C:\projects\GitH\Various\PLANT_CONTROLLER\WRAPPER_CTRL\Logical\LOGIC\clock\clock.c"
    LogicalPath="LOGIC.clock.clock.c"
    Type="File"
    LastWriteTime="133045078290337774"
    Private="false" />
  <Object
    Path="C:\projects\GitH\Various\PLANT_CONTROLLER\WRAPPER_CTRL\Logical\HMI\Package.pkg"
    LogicalPath="HMI"
    Type="Package"
    LastWriteTime="133045079260452899" />
  <Object
    Path="C:\projects\GitH\Various\PLANT_CONTROLLER\WRAPPER_CTRL\Logical\HMI\Visu\Vc.dob"
    LogicalPath="HMI.Visu"
    Type="DataObject"
    LastWriteTime="133045079260222940" />
  <Object
    Path="C:\projects\GitH\Various\PLANT_CONTROLLER\WRAPPER_CTRL\Logical\HMI\Visu\VCObject.vc"
    LogicalPath="HMI.Visu.VCObject.vc"
    Type="File"
    LastWriteTime="133045079260222940"
    Private="false" />
  <Object
    Path="C:\projects\GitH\Various\PLANT_CONTROLLER\WRAPPER_CTRL\Logical\CFG\Package.pkg"
    LogicalPath="CFG"
    Type="Package"
    LastWriteTime="133045077668641110" />
  <Object
    Path="C:\projects\GitH\Various\PLANT_CONTROLLER\WRAPPER_CTRL\Logical\VARIOUS\Package.pkg"
    LogicalPath="VARIOUS"
    Type="Package"
    LastWriteTime="133045080246834976" />
  <Object
    Path="C:\projects\GitH\Various\PLANT_CONTROLLER\WRAPPER_CTRL\Logical\VARIOUS\Varie\ANSIC.prg"
    LogicalPath="VARIOUS.Varie"
    Type="Program"
    LastWriteTime="133045078860440381" />
  <Object
    Path="C:\projects\GitH\Various\PLANT_CONTROLLER\WRAPPER_CTRL\Logical\VARIOUS\Varie\Cyclic.c"
    LogicalPath="VARIOUS.Varie.Cyclic.c"
    Type="File"
    LastWriteTime="133045078860370423"
    Private="false" />
  <Object
    Path="C:\projects\GitH\Various\PLANT_CONTROLLER\WRAPPER_CTRL\Logical\VARIOUS\Varie\Init.c"
    LogicalPath="VARIOUS.Varie.Init.c"
    Type="File"
    LastWriteTime="133045078860390384"
    Private="false" />
  <Object
    Path="C:\projects\GitH\Various\PLANT_CONTROLLER\WRAPPER_CTRL\Logical\VARIOUS\Varie\Exit.c"
    LogicalPath="VARIOUS.Varie.Exit.c"
    Type="File"
    LastWriteTime="133045078860410381"
    Private="false" />
  <Object
    Path="C:\projects\GitH\Various\PLANT_CONTROLLER\WRAPPER_CTRL\Logical\VARIOUS\Varie\Types.typ"
    LogicalPath="VARIOUS.Varie.Types.typ"
    Type="File"
    LastWriteTime="133045078860420424"
    Private="true" />
  <Object
    Path="C:\projects\GitH\Various\PLANT_CONTROLLER\WRAPPER_CTRL\Logical\VARIOUS\Varie\Variables.var"
    LogicalPath="VARIOUS.Varie.Variables.var"
    Type="File"
    LastWriteTime="133045078860440381"
    Private="true" />
  <Object
    Path="C:\projects\GitH\Various\PLANT_CONTROLLER\WRAPPER_CTRL\Logical\VARIOUS\OpcUA_IF\IEC.prg"
    LogicalPath="VARIOUS.OpcUA_IF"
    Type="Program"
    LastWriteTime="133045080246834976" />
  <Object
    Path="C:\projects\GitH\Various\PLANT_CONTROLLER\WRAPPER_CTRL\Logical\VARIOUS\OpcUA_IF\Cyclic.st"
    LogicalPath="VARIOUS.OpcUA_IF.Cyclic.st"
    Type="File"
    LastWriteTime="133045314920367037"
    Private="false" />
  <Object
    Path="C:\projects\GitH\Various\PLANT_CONTROLLER\WRAPPER_CTRL\Logical\VARIOUS\OpcUA_IF\Init.st"
    LogicalPath="VARIOUS.OpcUA_IF.Init.st"
    Type="File"
    LastWriteTime="133045258409581638"
    Private="false" />
  <Object
    Path="C:\projects\GitH\Various\PLANT_CONTROLLER\WRAPPER_CTRL\Logical\VARIOUS\OpcUA_IF\Exit.st"
    LogicalPath="VARIOUS.OpcUA_IF.Exit.st"
    Type="File"
    LastWriteTime="133045080246804972"
    Private="false" />
  <Object
    Path="C:\projects\GitH\Various\PLANT_CONTROLLER\WRAPPER_CTRL\Logical\VARIOUS\OpcUA_IF\Types.typ"
    LogicalPath="VARIOUS.OpcUA_IF.Types.typ"
    Type="File"
    LastWriteTime="133045089892864519"
    Private="true" />
  <Object
    Path="C:\projects\GitH\Various\PLANT_CONTROLLER\WRAPPER_CTRL\Logical\VARIOUS\OpcUA_IF\Variables.var"
    LogicalPath="VARIOUS.OpcUA_IF.Variables.var"
    Type="File"
    LastWriteTime="133045084066018786"
    Private="true" />
  <Object
    Path="C:\projects\GitH\Various\PLANT_CONTROLLER\WRAPPER_CTRL\Physical\Errepi_P00987\Config.pkg"
    LogicalPath="Errepi_P00987"
    Type="Configuration.ParentUnknown"
    LastWriteTime="133039146237707841" />
  <Object
    Path="C:\projects\GitH\Various\PLANT_CONTROLLER\WRAPPER_CTRL\Physical\Errepi_P00987\Hardware.hw"
    LogicalPath="Errepi_P00987.Hardware.hw"
    Type="File"
    LastWriteTime="133045295480857159"
    Private="false" />
  <Object
    Path="C:\projects\GitH\Various\PLANT_CONTROLLER\WRAPPER_CTRL\Physical\Errepi_P00987\Hardware.hwl"
    LogicalPath="Errepi_P00987.Hardware.hwl"
    Type="File"
    LastWriteTime="133039146236991089"
    Private="false" />
  <Object
    Path="C:\projects\GitH\Various\PLANT_CONTROLLER\WRAPPER_CTRL\Physical\Errepi_P00987\X20CP1301\Cpu.pkg"
    LogicalPath="Errepi_P00987.X20CP1301"
    Type="Cpu"
    LastWriteTime="133045308005577011" />
  <Object
    Path="C:\projects\GitH\Various\PLANT_CONTROLLER\WRAPPER_CTRL\Physical\Errepi_P00987\X20CP1301\Cpu.sw"
    LogicalPath="Errepi_P00987.X20CP1301.Cpu.sw"
    Type="File"
    LastWriteTime="133045257829586511"
    Private="false" />
  <Object
    Path="C:\projects\GitH\Various\PLANT_CONTROLLER\WRAPPER_CTRL\Physical\Errepi_P00987\X20CP1301\Cpu.per"
    LogicalPath="Errepi_P00987.X20CP1301.Cpu.per"
    Type="File"
    LastWriteTime="133045220357030117"
    Private="false" />
  <Object
    Path="C:\projects\GitH\Various\PLANT_CONTROLLER\WRAPPER_CTRL\Physical\Errepi_P00987\X20CP1301\IoMap.iom"
    LogicalPath="Errepi_P00987.X20CP1301.IoMap.iom"
    Type="File"
    LastWriteTime="133039146237081132"
    Private="false" />
  <Object
    Path="C:\projects\GitH\Various\PLANT_CONTROLLER\WRAPPER_CTRL\Physical\Errepi_P00987\X20CP1301\PvMap.vvm"
    LogicalPath="Errepi_P00987.X20CP1301.PvMap.vvm"
    Type="File"
    LastWriteTime="133039146237101089"
    Private="false" />
  <Object
    Path="C:\projects\GitH\Various\PLANT_CONTROLLER\WRAPPER_CTRL\Physical\Errepi_P00987\X20CP1301\Connectivity\Package.pkg"
    LogicalPath="Errepi_P00987.X20CP1301.Connectivity"
    Type="Package"
    LastWriteTime="132084236607704657" />
  <Object
    Path="C:\projects\GitH\Various\PLANT_CONTROLLER\WRAPPER_CTRL\Physical\Errepi_P00987\X20CP1301\Connectivity\OpcUA\Package.pkg"
    LogicalPath="Errepi_P00987.X20CP1301.Connectivity.OpcUA"
    Type="Package"
    LastWriteTime="132889654644614054" />
  <Object
    Path="C:\projects\GitH\Various\PLANT_CONTROLLER\WRAPPER_CTRL\Physical\Errepi_P00987\X20CP1301\Connectivity\OpcUA\OpcUaMap.uad"
    LogicalPath="Errepi_P00987.X20CP1301.Connectivity.OpcUA.OpcUaMap.uad"
    Type="File"
    LastWriteTime="133045300092350456"
    Private="false" />
  <Object
    Path="C:\projects\GitH\Various\PLANT_CONTROLLER\WRAPPER_CTRL\Physical\Errepi_P00987\X20CP1301\TextSystem\Package.pkg"
    LogicalPath="Errepi_P00987.X20CP1301.TextSystem"
    Type="Package"
    LastWriteTime="133039146237197293" />
  <Object
    Path="C:\projects\GitH\Various\PLANT_CONTROLLER\WRAPPER_CTRL\Physical\Errepi_P00987\X20CP1301\UnitSystem\Package.pkg"
    LogicalPath="Errepi_P00987.X20CP1301.UnitSystem"
    Type="Package"
    LastWriteTime="133039146237227291" />
  <Object
    Path="C:\projects\GitH\Various\PLANT_CONTROLLER\WRAPPER_CTRL\Physical\Errepi_P00987\X20CP1301\AccessAndSecurity\Package.pkg"
    LogicalPath="Errepi_P00987.X20CP1301.AccessAndSecurity"
    Type="Package"
    LastWriteTime="133039146237557850" />
  <Object
    Path="C:\projects\GitH\Various\PLANT_CONTROLLER\WRAPPER_CTRL\Physical\Errepi_P00987\X20CP1301\AccessAndSecurity\UserRoleSystem\Package.pkg"
    LogicalPath="Errepi_P00987.X20CP1301.AccessAndSecurity.UserRoleSystem"
    Type="Package"
    LastWriteTime="133039146237327289" />
  <Object
    Path="C:\projects\GitH\Various\PLANT_CONTROLLER\WRAPPER_CTRL\Physical\Errepi_P00987\X20CP1301\AccessAndSecurity\UserRoleSystem\Role.role"
    LogicalPath="Errepi_P00987.X20CP1301.AccessAndSecurity.UserRoleSystem.Role.role"
    Type="File"
    LastWriteTime="133039146237297731"
    Private="false" />
  <Object
    Path="C:\projects\GitH\Various\PLANT_CONTROLLER\WRAPPER_CTRL\Physical\Errepi_P00987\X20CP1301\AccessAndSecurity\UserRoleSystem\User.user"
    LogicalPath="Errepi_P00987.X20CP1301.AccessAndSecurity.UserRoleSystem.User.user"
    Type="File"
    LastWriteTime="133045307458902617"
    Private="false" />
  <Object
    Path="C:\projects\GitH\Various\PLANT_CONTROLLER\WRAPPER_CTRL\Physical\Errepi_P00987\X20CP1301\AccessAndSecurity\CertificateStore\Package.pkg"
    LogicalPath="Errepi_P00987.X20CP1301.AccessAndSecurity.CertificateStore"
    Type="Package"
    LastWriteTime="133039146237527843" />
  <Object
    Path="C:\projects\GitH\Various\PLANT_CONTROLLER\WRAPPER_CTRL\Physical\Errepi_P00987\X20CP1301\AccessAndSecurity\CertificateStore\OwnCertificates\Package.pkg"
    LogicalPath="Errepi_P00987.X20CP1301.AccessAndSecurity.CertificateStore.OwnCertificates"
    Type="Package"
    LastWriteTime="133039146237427843" />
  <Object
    Path="C:\projects\GitH\Various\PLANT_CONTROLLER\WRAPPER_CTRL\Physical\Errepi_P00987\X20CP1301\AccessAndSecurity\CertificateStore\OwnCertificates\Certificates\Package.pkg"
    LogicalPath="Errepi_P00987.X20CP1301.AccessAndSecurity.CertificateStore.OwnCertificates.Certificates"
    Type="Package"
    LastWriteTime="133039146237397333" />
  <Object
    Path="C:\projects\GitH\Various\PLANT_CONTROLLER\WRAPPER_CTRL\Physical\Errepi_P00987\X20CP1301\AccessAndSecurity\CertificateStore\OwnCertificates\PrivateKeys\Package.pkg"
    LogicalPath="Errepi_P00987.X20CP1301.AccessAndSecurity.CertificateStore.OwnCertificates.PrivateKeys"
    Type="Package"
    LastWriteTime="133039146237417940" />
  <Object
    Path="C:\projects\GitH\Various\PLANT_CONTROLLER\WRAPPER_CTRL\Physical\Errepi_P00987\X20CP1301\AccessAndSecurity\CertificateStore\ThirdPartyCertificates\Package.pkg"
    LogicalPath="Errepi_P00987.X20CP1301.AccessAndSecurity.CertificateStore.ThirdPartyCertificates"
    Type="Package"
    LastWriteTime="133039146237477843" />
  <Object
    Path="C:\projects\GitH\Various\PLANT_CONTROLLER\WRAPPER_CTRL\Physical\Errepi_P00987\X20CP1301\AccessAndSecurity\CertificateStore\ThirdPartyCertificates\SoftwareCertificates\Package.pkg"
    LogicalPath="Errepi_P00987.X20CP1301.AccessAndSecurity.CertificateStore.ThirdPartyCertificates.SoftwareCertificates"
    Type="Package"
    LastWriteTime="133039146237477843" />
  <Object
    Path="C:\projects\GitH\Various\PLANT_CONTROLLER\WRAPPER_CTRL\Physical\Errepi_P00987\X20CP1301\AccessAndSecurity\CertificateStore\CertificateRevocationLists\Package.pkg"
    LogicalPath="Errepi_P00987.X20CP1301.AccessAndSecurity.CertificateStore.CertificateRevocationLists"
    Type="Package"
    LastWriteTime="133039146237497842" />
  <Object
    Path="C:\projects\GitH\Various\PLANT_CONTROLLER\WRAPPER_CTRL\Physical\Errepi_P00987\X20CP1301\AccessAndSecurity\CertificateStore\CertificateSigningRequests\Package.pkg"
    LogicalPath="Errepi_P00987.X20CP1301.AccessAndSecurity.CertificateStore.CertificateSigningRequests"
    Type="Package"
    LastWriteTime="133039146237527843" />
  <Object
    Path="C:\projects\GitH\Various\PLANT_CONTROLLER\WRAPPER_CTRL\Physical\Errepi_P00987\X20CP1301\AccessAndSecurity\TransportLayerSecurity\Package.pkg"
    LogicalPath="Errepi_P00987.X20CP1301.AccessAndSecurity.TransportLayerSecurity"
    Type="Package"
    LastWriteTime="133039146237547842" />
  <Object
    Path="C:\projects\GitH\Various\PLANT_CONTROLLER\WRAPPER_CTRL\Physical\Errepi_P00987\X20CP1301\mappControl\Package.pkg"
    LogicalPath="Errepi_P00987.X20CP1301.mappControl"
    Type="Package"
    LastWriteTime="133039146237577842" />
  <Object
    Path="C:\projects\GitH\Various\PLANT_CONTROLLER\WRAPPER_CTRL\Physical\Errepi_P00987\X20CP1301\mappMotion\Package.pkg"
    LogicalPath="Errepi_P00987.X20CP1301.mappMotion"
    Type="Package"
    LastWriteTime="133039146237597844" />
  <Object
    Path="C:\projects\GitH\Various\PLANT_CONTROLLER\WRAPPER_CTRL\Physical\Errepi_P00987\X20CP1301\mappServices\Package.pkg"
    LogicalPath="Errepi_P00987.X20CP1301.mappServices"
    Type="Package"
    LastWriteTime="133039146237627844" />
  <Object
    Path="C:\projects\GitH\Various\PLANT_CONTROLLER\WRAPPER_CTRL\Physical\Errepi_P00987\X20CP1301\mappView\Package.pkg"
    LogicalPath="Errepi_P00987.X20CP1301.mappView"
    Type="Package"
    LastWriteTime="133039146237647843" />
  <Object
    Path="C:\projects\GitH\Various\PLANT_CONTROLLER\WRAPPER_CTRL\Physical\Errepi_P00987\X20CP1301\mappCockpit\Package.pkg"
    LogicalPath="Errepi_P00987.X20CP1301.mappCockpit"
    Type="Package"
    LastWriteTime="133039146237677843" />
  <Object
    Path="C:\projects\GitH\Various\PLANT_CONTROLLER\WRAPPER_CTRL\Physical\Errepi_P00987\X20CP1301\VC\Package.pkg"
    LogicalPath="Errepi_P00987.X20CP1301.VC"
    Type="Package"
    LastWriteTime="133045097110045588" />
  <Object
    Path="C:\projects\GitH\Various\PLANT_CONTROLLER\WRAPPER_CTRL\Physical\Errepi_P00987\X20CP1301\VC\PS2-Keyboard.dis"
    LogicalPath="Errepi_P00987.X20CP1301.VC.PS2-Keyboard.dis"
    Type="File"
    LastWriteTime="133045097111215587"
    Private="false" />
  <Object
    Path="C:\projects\GitH\Various\PLANT_CONTROLLER\WRAPPER_CTRL\Physical\Errepi_P00987\Hardware.jpg"
    LogicalPath="Errepi_P00987.Hardware.jpg"
    Type="File"
    LastWriteTime="133039146237697844"
    Private="false" />
</Objects>